{"/home/traning/Desktop/Personalized-Emailer/projectPmMailer /server/express/index.js":{"path":"/home/traning/Desktop/Personalized-Emailer/projectPmMailer /server/express/index.js","statementMap":{"0":{"start":{"line":1,"column":16},"end":{"line":1,"column":34}},"1":{"start":{"line":2,"column":12},"end":{"line":2,"column":21}},"2":{"start":{"line":3,"column":17},"end":{"line":3,"column":36}},"3":{"start":{"line":5,"column":15},"end":{"line":5,"column":40}},"4":{"start":{"line":6,"column":13},"end":{"line":6,"column":28}},"5":{"start":{"line":7,"column":19},"end":{"line":7,"column":41}},"6":{"start":{"line":8,"column":17},"end":{"line":8,"column":36}},"7":{"start":{"line":9,"column":16},"end":{"line":9,"column":42}},"8":{"start":{"line":10,"column":15},"end":{"line":10,"column":43}},"9":{"start":{"line":11,"column":15},"end":{"line":11,"column":47}},"10":{"start":{"line":12,"column":18},"end":{"line":12,"column":47}},"11":{"start":{"line":14,"column":20},"end":{"line":14,"column":54}},"12":{"start":{"line":15,"column":13},"end":{"line":15,"column":37}},"13":{"start":{"line":16,"column":12},"end":{"line":16,"column":28}},"14":{"start":{"line":17,"column":13},"end":{"line":17,"column":30}},"15":{"start":{"line":18,"column":12},"end":{"line":18,"column":36}},"16":{"start":{"line":20,"column":19},"end":{"line":20,"column":43}},"17":{"start":{"line":22,"column":16},"end":{"line":22,"column":49}},"18":{"start":{"line":23,"column":11},"end":{"line":23,"column":26}},"19":{"start":{"line":25,"column":0},"end":{"line":25,"column":16}},"20":{"start":{"line":29,"column":0},"end":{"line":33,"column":4}},"21":{"start":{"line":34,"column":0},"end":{"line":34,"column":31}},"22":{"start":{"line":35,"column":0},"end":{"line":35,"column":28}},"23":{"start":{"line":37,"column":0},"end":{"line":37,"column":27}},"24":{"start":{"line":38,"column":0},"end":{"line":38,"column":52}},"25":{"start":{"line":39,"column":0},"end":{"line":39,"column":47}},"26":{"start":{"line":41,"column":0},"end":{"line":41,"column":51}},"27":{"start":{"line":42,"column":0},"end":{"line":42,"column":17}},"28":{"start":{"line":43,"column":0},"end":{"line":43,"column":24}},"29":{"start":{"line":44,"column":0},"end":{"line":44,"column":21}},"30":{"start":{"line":48,"column":0},"end":{"line":53,"column":3}},"31":{"start":{"line":51,"column":4},"end":{"line":51,"column":61}},"32":{"start":{"line":55,"column":0},"end":{"line":55,"column":21}}},"fnMap":{"0":{"name":"(anonymous_0)","decl":{"start":{"line":48,"column":24},"end":{"line":48,"column":25}},"loc":{"start":{"line":48,"column":30},"end":{"line":53,"column":1}},"line":48}},"branchMap":{},"s":{"0":1,"1":1,"2":1,"3":1,"4":0,"5":0,"6":0,"7":0,"8":0,"9":0,"10":0,"11":0,"12":0,"13":0,"14":0,"15":0,"16":0,"17":0,"18":0,"19":0,"20":0,"21":0,"22":0,"23":0,"24":0,"25":0,"26":0,"27":0,"28":0,"29":0,"30":0,"31":0,"32":0},"f":{"0":0},"b":{},"_coverageSchema":"332fd63041d2c1bcb487cc26dd0d5f7d97098a6c","hash":"af959da4a1c94b5f58365bc8ccd267a316e96a9f","contentHash":"7f93abd7689257b473b3d03e7acf305a_11.2.1"},"/home/traning/Desktop/Personalized-Emailer/projectPmMailer /server/express/routes/route.js":{"path":"/home/traning/Desktop/Personalized-Emailer/projectPmMailer /server/express/routes/route.js","statementMap":{"0":{"start":{"line":1,"column":15},"end":{"line":1,"column":44}},"1":{"start":{"line":2,"column":18},"end":{"line":2,"column":48}},"2":{"start":{"line":3,"column":22},"end":{"line":3,"column":56}},"3":{"start":{"line":4,"column":15},"end":{"line":4,"column":39}},"4":{"start":{"line":5,"column":14},"end":{"line":5,"column":30}},"5":{"start":{"line":6,"column":15},"end":{"line":6,"column":32}},"6":{"start":{"line":7,"column":14},"end":{"line":7,"column":38}},"7":{"start":{"line":8,"column":15},"end":{"line":8,"column":48}},"8":{"start":{"line":9,"column":21},"end":{"line":9,"column":45}},"9":{"start":{"line":10,"column":16},"end":{"line":10,"column":34}},"10":{"start":{"line":11,"column":12},"end":{"line":11,"column":21}},"11":{"start":{"line":12,"column":15},"end":{"line":12,"column":31}},"12":{"start":{"line":13,"column":23},"end":{"line":13,"column":48}},"13":{"start":{"line":14,"column":22},"end":{"line":14,"column":55}},"14":{"start":{"line":15,"column":25},"end":{"line":15,"column":52}},"15":{"start":{"line":16,"column":15},"end":{"line":16,"column":34}},"16":{"start":{"line":17,"column":14},"end":{"line":17,"column":32}},"17":{"start":{"line":18,"column":22},"end":{"line":18,"column":48}},"18":{"start":{"line":19,"column":15},"end":{"line":19,"column":34}},"19":{"start":{"line":20,"column":19},"end":{"line":20,"column":42}},"20":{"start":{"line":21,"column":21},"end":{"line":21,"column":46}},"21":{"start":{"line":22,"column":15},"end":{"line":22,"column":34}},"22":{"start":{"line":23,"column":17},"end":{"line":23,"column":37}},"23":{"start":{"line":25,"column":19},"end":{"line":25,"column":42}},"24":{"start":{"line":26,"column":14},"end":{"line":26,"column":32}},"25":{"start":{"line":27,"column":14},"end":{"line":27,"column":32}},"26":{"start":{"line":28,"column":15},"end":{"line":28,"column":34}},"27":{"start":{"line":29,"column":19},"end":{"line":29,"column":42}},"28":{"start":{"line":30,"column":0},"end":{"line":30,"column":27}},"29":{"start":{"line":31,"column":0},"end":{"line":31,"column":25}},"30":{"start":{"line":32,"column":0},"end":{"line":32,"column":36}},"31":{"start":{"line":33,"column":0},"end":{"line":33,"column":27}},"32":{"start":{"line":34,"column":0},"end":{"line":34,"column":28}},"33":{"start":{"line":35,"column":0},"end":{"line":35,"column":26}},"34":{"start":{"line":36,"column":0},"end":{"line":36,"column":35}},"35":{"start":{"line":37,"column":0},"end":{"line":37,"column":39}},"36":{"start":{"line":38,"column":0},"end":{"line":38,"column":26}},"37":{"start":{"line":39,"column":0},"end":{"line":39,"column":36}},"38":{"start":{"line":40,"column":0},"end":{"line":40,"column":20}},"39":{"start":{"line":41,"column":0},"end":{"line":41,"column":27}},"40":{"start":{"line":43,"column":0},"end":{"line":43,"column":21}}},"fnMap":{},"branchMap":{},"s":{"0":1,"1":1,"2":1,"3":1,"4":1,"5":1,"6":1,"7":1,"8":1,"9":1,"10":1,"11":1,"12":1,"13":1,"14":1,"15":1,"16":1,"17":1,"18":1,"19":1,"20":1,"21":1,"22":1,"23":1,"24":1,"25":1,"26":1,"27":1,"28":0,"29":0,"30":0,"31":0,"32":0,"33":0,"34":0,"35":0,"36":0,"37":0,"38":0,"39":0,"40":0},"f":{},"b":{},"_coverageSchema":"332fd63041d2c1bcb487cc26dd0d5f7d97098a6c","hash":"908552f84405e34d2d00a58162d41ecd6e11600c","contentHash":"7b8808ede26b1b7deed59ebb874fd21b_11.2.1"},"/home/traning/Desktop/Personalized-Emailer/projectPmMailer /server/express/config/database.js":{"path":"/home/traning/Desktop/Personalized-Emailer/projectPmMailer /server/express/config/database.js","statementMap":{"0":{"start":{"line":1,"column":0},"end":{"line":5,"column":1}}},"fnMap":{},"branchMap":{},"s":{"0":1},"f":{},"b":{},"_coverageSchema":"332fd63041d2c1bcb487cc26dd0d5f7d97098a6c","hash":"8511120cc4f52363ea8a07c31f754b4d80ec2c24","contentHash":"697a370e86679864abe277124839225b_11.2.1"},"/home/traning/Desktop/Personalized-Emailer/projectPmMailer /server/express/config/configure.js":{"path":"/home/traning/Desktop/Personalized-Emailer/projectPmMailer /server/express/config/configure.js","statementMap":{"0":{"start":{"line":2,"column":0},"end":{"line":10,"column":1}}},"fnMap":{},"branchMap":{},"s":{"0":1},"f":{},"b":{},"_coverageSchema":"332fd63041d2c1bcb487cc26dd0d5f7d97098a6c","hash":"a6b4049d4b1b535786e1820ec289599b4db1c1e9","contentHash":"4a0e5b180ca49df7c1979c70528782c0_11.2.1"},"/home/traning/Desktop/Personalized-Emailer/projectPmMailer /server/express/services/app.logger.js":{"path":"/home/traning/Desktop/Personalized-Emailer/projectPmMailer /server/express/services/app.logger.js","statementMap":{"0":{"start":{"line":2,"column":15},"end":{"line":2,"column":32}},"1":{"start":{"line":5,"column":21},"end":{"line":5,"column":48}},"2":{"start":{"line":8,"column":0},"end":{"line":8,"column":31}},"3":{"start":{"line":11,"column":15},"end":{"line":11,"column":33}},"4":{"start":{"line":14,"column":0},"end":{"line":14,"column":24}}},"fnMap":{},"branchMap":{},"s":{"0":1,"1":1,"2":1,"3":1,"4":1},"f":{},"b":{},"_coverageSchema":"332fd63041d2c1bcb487cc26dd0d5f7d97098a6c","hash":"d5bb02101c217b0ef5dab97585efa9b485265079","contentHash":"57e2cb93887742557505c8f87bbf0313_11.2.1"},"/home/traning/Desktop/Personalized-Emailer/projectPmMailer /server/express/config/logger.js":{"path":"/home/traning/Desktop/Personalized-Emailer/projectPmMailer /server/express/config/logger.js","statementMap":{"0":{"start":{"line":1,"column":0},"end":{"line":25,"column":2}}},"fnMap":{},"branchMap":{},"s":{"0":1},"f":{},"b":{},"_coverageSchema":"332fd63041d2c1bcb487cc26dd0d5f7d97098a6c","hash":"fb0697adb4ad57cd3b44435645a5160d0b53d792","contentHash":"520fcef9fba5e5402d609b9759716e22_11.2.1"},"/home/traning/Desktop/Personalized-Emailer/projectPmMailer /server/express/auth/google.js":{"path":"/home/traning/Desktop/Personalized-Emailer/projectPmMailer /server/express/auth/google.js","statementMap":{"0":{"start":{"line":1,"column":17},"end":{"line":1,"column":36}},"1":{"start":{"line":2,"column":13},"end":{"line":2,"column":43}},"2":{"start":{"line":3,"column":23},"end":{"line":3,"column":65}},"3":{"start":{"line":4,"column":15},"end":{"line":4,"column":46}},"4":{"start":{"line":6,"column":0},"end":{"line":31,"column":8}},"5":{"start":{"line":14,"column":28},"end":{"line":17,"column":10}},"6":{"start":{"line":20,"column":8},"end":{"line":30,"column":11}},"7":{"start":{"line":21,"column":12},"end":{"line":29,"column":13}},"8":{"start":{"line":22,"column":16},"end":{"line":25,"column":19}},"9":{"start":{"line":23,"column":20},"end":{"line":23,"column":46}},"10":{"start":{"line":23,"column":29},"end":{"line":23,"column":46}},"11":{"start":{"line":24,"column":20},"end":{"line":24,"column":44}},"12":{"start":{"line":28,"column":16},"end":{"line":28,"column":33}},"13":{"start":{"line":32,"column":0},"end":{"line":32,"column":15}}},"fnMap":{"0":{"name":"(anonymous_0)","decl":{"start":{"line":12,"column":4},"end":{"line":12,"column":5}},"loc":{"start":{"line":12,"column":55},"end":{"line":31,"column":5}},"line":12},"1":{"name":"(anonymous_1)","decl":{"start":{"line":20,"column":51},"end":{"line":20,"column":52}},"loc":{"start":{"line":20,"column":71},"end":{"line":30,"column":9}},"line":20},"2":{"name":"(anonymous_2)","decl":{"start":{"line":22,"column":33},"end":{"line":22,"column":34}},"loc":{"start":{"line":22,"column":60},"end":{"line":25,"column":17}},"line":22}},"branchMap":{"0":{"loc":{"start":{"line":21,"column":12},"end":{"line":29,"column":13}},"type":"if","locations":[{"start":{"line":21,"column":12},"end":{"line":29,"column":13}},{"start":{"line":21,"column":12},"end":{"line":29,"column":13}}],"line":21},"1":{"loc":{"start":{"line":23,"column":20},"end":{"line":23,"column":46}},"type":"if","locations":[{"start":{"line":23,"column":20},"end":{"line":23,"column":46}},{"start":{"line":23,"column":20},"end":{"line":23,"column":46}}],"line":23}},"s":{"0":1,"1":1,"2":1,"3":1,"4":1,"5":0,"6":0,"7":0,"8":0,"9":0,"10":0,"11":0,"12":0,"13":1},"f":{"0":0,"1":0,"2":0},"b":{"0":[0,0],"1":[0,0]},"_coverageSchema":"332fd63041d2c1bcb487cc26dd0d5f7d97098a6c","hash":"b0cd84abf1d5cf155899846a6098a6ea80134cf7","contentHash":"a4766681fae0ef730849d96835456909_11.2.1"},"/home/traning/Desktop/Personalized-Emailer/projectPmMailer /server/express/models/userModel.js":{"path":"/home/traning/Desktop/Personalized-Emailer/projectPmMailer /server/express/models/userModel.js","statementMap":{"0":{"start":{"line":1,"column":17},"end":{"line":1,"column":36}},"1":{"start":{"line":2,"column":15},"end":{"line":2,"column":30}},"2":{"start":{"line":3,"column":15},"end":{"line":3,"column":39}},"3":{"start":{"line":4,"column":16},"end":{"line":4,"column":46}},"4":{"start":{"line":5,"column":17},"end":{"line":5,"column":46}},"5":{"start":{"line":8,"column":17},"end":{"line":22,"column":2}},"6":{"start":{"line":24,"column":0},"end":{"line":33,"column":3}},"7":{"start":{"line":25,"column":14},"end":{"line":28,"column":5}},"8":{"start":{"line":29,"column":4},"end":{"line":30,"column":35}},"9":{"start":{"line":30,"column":8},"end":{"line":30,"column":35}},"10":{"start":{"line":32,"column":4},"end":{"line":32,"column":11}},"11":{"start":{"line":35,"column":0},"end":{"line":44,"column":2}},"12":{"start":{"line":36,"column":15},"end":{"line":36,"column":19}},"13":{"start":{"line":37,"column":4},"end":{"line":42,"column":7}},"14":{"start":{"line":38,"column":8},"end":{"line":38,"column":55}},"15":{"start":{"line":38,"column":17},"end":{"line":38,"column":55}},"16":{"start":{"line":39,"column":8},"end":{"line":39,"column":29}},"17":{"start":{"line":40,"column":8},"end":{"line":40,"column":34}},"18":{"start":{"line":41,"column":8},"end":{"line":41,"column":15}},"19":{"start":{"line":46,"column":0},"end":{"line":49,"column":3}},"20":{"start":{"line":51,"column":0},"end":{"line":58,"column":2}},"21":{"start":{"line":52,"column":4},"end":{"line":57,"column":7}},"22":{"start":{"line":53,"column":8},"end":{"line":55,"column":9}},"23":{"start":{"line":54,"column":12},"end":{"line":54,"column":27}},"24":{"start":{"line":56,"column":8},"end":{"line":56,"column":26}},"25":{"start":{"line":61,"column":0},"end":{"line":61,"column":52}}},"fnMap":{"0":{"name":"(anonymous_0)","decl":{"start":{"line":24,"column":23},"end":{"line":24,"column":24}},"loc":{"start":{"line":24,"column":38},"end":{"line":33,"column":1}},"line":24},"1":{"name":"(anonymous_1)","decl":{"start":{"line":35,"column":23},"end":{"line":35,"column":24}},"loc":{"start":{"line":35,"column":38},"end":{"line":44,"column":1}},"line":35},"2":{"name":"(anonymous_2)","decl":{"start":{"line":37,"column":43},"end":{"line":37,"column":44}},"loc":{"start":{"line":37,"column":58},"end":{"line":42,"column":5}},"line":37},"3":{"name":"(anonymous_3)","decl":{"start":{"line":51,"column":37},"end":{"line":51,"column":38}},"loc":{"start":{"line":51,"column":57},"end":{"line":58,"column":1}},"line":51},"4":{"name":"(anonymous_4)","decl":{"start":{"line":52,"column":41},"end":{"line":52,"column":42}},"loc":{"start":{"line":52,"column":64},"end":{"line":57,"column":5}},"line":52}},"branchMap":{"0":{"loc":{"start":{"line":29,"column":4},"end":{"line":30,"column":35}},"type":"if","locations":[{"start":{"line":29,"column":4},"end":{"line":30,"column":35}},{"start":{"line":29,"column":4},"end":{"line":30,"column":35}}],"line":29},"1":{"loc":{"start":{"line":38,"column":8},"end":{"line":38,"column":55}},"type":"if","locations":[{"start":{"line":38,"column":8},"end":{"line":38,"column":55}},{"start":{"line":38,"column":8},"end":{"line":38,"column":55}}],"line":38},"2":{"loc":{"start":{"line":53,"column":8},"end":{"line":55,"column":9}},"type":"if","locations":[{"start":{"line":53,"column":8},"end":{"line":55,"column":9}},{"start":{"line":53,"column":8},"end":{"line":55,"column":9}}],"line":53}},"s":{"0":1,"1":1,"2":1,"3":1,"4":1,"5":1,"6":1,"7":0,"8":0,"9":0,"10":0,"11":1,"12":0,"13":0,"14":0,"15":0,"16":0,"17":0,"18":0,"19":1,"20":1,"21":0,"22":0,"23":0,"24":0,"25":1},"f":{"0":0,"1":0,"2":0,"3":0,"4":0},"b":{"0":[0,0],"1":[0,0],"2":[0,0]},"_coverageSchema":"332fd63041d2c1bcb487cc26dd0d5f7d97098a6c","hash":"b97554e85556ed8a68db68ce1574b85bc50ab32b","contentHash":"7c59a95ebfa4ec4c720246708634b856_11.2.1"},"/home/traning/Desktop/Personalized-Emailer/projectPmMailer /server/express/config/googleAuth.js":{"path":"/home/traning/Desktop/Personalized-Emailer/projectPmMailer /server/express/config/googleAuth.js","statementMap":{"0":{"start":{"line":3,"column":0},"end":{"line":9,"column":1}}},"fnMap":{},"branchMap":{},"s":{"0":1},"f":{},"b":{},"_coverageSchema":"332fd63041d2c1bcb487cc26dd0d5f7d97098a6c","hash":"97cd1be875f920960ccd71a4bca7965b9b8ad313","contentHash":"69e9c873012b24ee6c3e243b30d6dbcd_11.2.1"},"/home/traning/Desktop/Personalized-Emailer/projectPmMailer /server/express/auth/facebook.js":{"path":"/home/traning/Desktop/Personalized-Emailer/projectPmMailer /server/express/auth/facebook.js","statementMap":{"0":{"start":{"line":1,"column":17},"end":{"line":1,"column":36}},"1":{"start":{"line":2,"column":25},"end":{"line":2,"column":62}},"2":{"start":{"line":3,"column":13},"end":{"line":3,"column":43}},"3":{"start":{"line":4,"column":15},"end":{"line":4,"column":48}},"4":{"start":{"line":6,"column":0},"end":{"line":34,"column":8}},"5":{"start":{"line":17,"column":30},"end":{"line":20,"column":10}},"6":{"start":{"line":23,"column":8},"end":{"line":33,"column":11}},"7":{"start":{"line":24,"column":12},"end":{"line":32,"column":13}},"8":{"start":{"line":25,"column":16},"end":{"line":28,"column":19}},"9":{"start":{"line":26,"column":20},"end":{"line":26,"column":46}},"10":{"start":{"line":26,"column":29},"end":{"line":26,"column":46}},"11":{"start":{"line":27,"column":20},"end":{"line":27,"column":46}},"12":{"start":{"line":31,"column":16},"end":{"line":31,"column":33}},"13":{"start":{"line":35,"column":0},"end":{"line":35,"column":15}}},"fnMap":{"0":{"name":"(anonymous_0)","decl":{"start":{"line":15,"column":4},"end":{"line":15,"column":5}},"loc":{"start":{"line":15,"column":55},"end":{"line":34,"column":5}},"line":15},"1":{"name":"(anonymous_1)","decl":{"start":{"line":23,"column":53},"end":{"line":23,"column":54}},"loc":{"start":{"line":23,"column":73},"end":{"line":33,"column":9}},"line":23},"2":{"name":"(anonymous_2)","decl":{"start":{"line":25,"column":35},"end":{"line":25,"column":36}},"loc":{"start":{"line":25,"column":64},"end":{"line":28,"column":17}},"line":25}},"branchMap":{"0":{"loc":{"start":{"line":24,"column":12},"end":{"line":32,"column":13}},"type":"if","locations":[{"start":{"line":24,"column":12},"end":{"line":32,"column":13}},{"start":{"line":24,"column":12},"end":{"line":32,"column":13}}],"line":24},"1":{"loc":{"start":{"line":26,"column":20},"end":{"line":26,"column":46}},"type":"if","locations":[{"start":{"line":26,"column":20},"end":{"line":26,"column":46}},{"start":{"line":26,"column":20},"end":{"line":26,"column":46}}],"line":26}},"s":{"0":1,"1":1,"2":1,"3":1,"4":1,"5":0,"6":0,"7":0,"8":0,"9":0,"10":0,"11":0,"12":0,"13":1},"f":{"0":0,"1":0,"2":0},"b":{"0":[0,0],"1":[0,0]},"_coverageSchema":"332fd63041d2c1bcb487cc26dd0d5f7d97098a6c","hash":"68df67a9a459d3a94a7ba8fa2c857f509a0a5e49","contentHash":"7b7c3c16257134508d163197b26ab5a4_11.2.1"},"/home/traning/Desktop/Personalized-Emailer/projectPmMailer /server/express/config/facebookAuth.js":{"path":"/home/traning/Desktop/Personalized-Emailer/projectPmMailer /server/express/config/facebookAuth.js","statementMap":{"0":{"start":{"line":2,"column":0},"end":{"line":9,"column":1}}},"fnMap":{},"branchMap":{},"s":{"0":1},"f":{},"b":{},"_coverageSchema":"332fd63041d2c1bcb487cc26dd0d5f7d97098a6c","hash":"4a26d7cf37548237153c9543c46b38ce5e9a9b77","contentHash":"1aaafea7f24a847dce30fd16c6f89b48_11.2.1"},"/home/traning/Desktop/Personalized-Emailer/projectPmMailer /server/express/routes/signup.js":{"path":"/home/traning/Desktop/Personalized-Emailer/projectPmMailer /server/express/routes/signup.js","statementMap":{"0":{"start":{"line":1,"column":13},"end":{"line":1,"column":43}},"1":{"start":{"line":2,"column":15},"end":{"line":2,"column":44}},"2":{"start":{"line":3,"column":18},"end":{"line":3,"column":48}},"3":{"start":{"line":4,"column":19},"end":{"line":4,"column":40}},"4":{"start":{"line":5,"column":15},"end":{"line":5,"column":48}},"5":{"start":{"line":6,"column":16},"end":{"line":6,"column":34}},"6":{"start":{"line":7,"column":15},"end":{"line":7,"column":31}},"7":{"start":{"line":10,"column":0},"end":{"line":57,"column":3}},"8":{"start":{"line":11,"column":15},"end":{"line":11,"column":25}},"9":{"start":{"line":12,"column":4},"end":{"line":12,"column":30}},"10":{"start":{"line":13,"column":4},"end":{"line":13,"column":38}},"11":{"start":{"line":14,"column":4},"end":{"line":14,"column":32}},"12":{"start":{"line":15,"column":4},"end":{"line":15,"column":34}},"13":{"start":{"line":16,"column":4},"end":{"line":16,"column":18}},"14":{"start":{"line":18,"column":4},"end":{"line":56,"column":5}},"15":{"start":{"line":19,"column":8},"end":{"line":19,"column":101}},"16":{"start":{"line":20,"column":8},"end":{"line":20,"column":52}},"17":{"start":{"line":22,"column":8},"end":{"line":55,"column":10}},"18":{"start":{"line":24,"column":12},"end":{"line":54,"column":13}},"19":{"start":{"line":25,"column":16},"end":{"line":28,"column":17}},"20":{"start":{"line":26,"column":20},"end":{"line":26,"column":102}},"21":{"start":{"line":27,"column":20},"end":{"line":27,"column":64}},"22":{"start":{"line":30,"column":34},"end":{"line":36,"column":18}},"23":{"start":{"line":38,"column":34},"end":{"line":45,"column":17}},"24":{"start":{"line":46,"column":16},"end":{"line":52,"column":19}},"25":{"start":{"line":47,"column":20},"end":{"line":51,"column":21}},"26":{"start":{"line":48,"column":24},"end":{"line":48,"column":56}},"27":{"start":{"line":50,"column":24},"end":{"line":50,"column":81}},"28":{"start":{"line":53,"column":16},"end":{"line":53,"column":88}},"29":{"start":{"line":59,"column":0},"end":{"line":59,"column":24}}},"fnMap":{"0":{"name":"(anonymous_0)","decl":{"start":{"line":10,"column":22},"end":{"line":10,"column":23}},"loc":{"start":{"line":10,"column":36},"end":{"line":57,"column":1}},"line":10},"1":{"name":"(anonymous_1)","decl":{"start":{"line":22,"column":18},"end":{"line":22,"column":19}},"loc":{"start":{"line":22,"column":27},"end":{"line":55,"column":9}},"line":22},"2":{"name":"(anonymous_2)","decl":{"start":{"line":46,"column":50},"end":{"line":46,"column":51}},"loc":{"start":{"line":46,"column":72},"end":{"line":52,"column":17}},"line":46}},"branchMap":{"0":{"loc":{"start":{"line":18,"column":4},"end":{"line":56,"column":5}},"type":"if","locations":[{"start":{"line":18,"column":4},"end":{"line":56,"column":5}},{"start":{"line":18,"column":4},"end":{"line":56,"column":5}}],"line":18},"1":{"loc":{"start":{"line":18,"column":8},"end":{"line":18,"column":111}},"type":"binary-expr","locations":[{"start":{"line":18,"column":8},"end":{"line":18,"column":29}},{"start":{"line":18,"column":33},"end":{"line":18,"column":58}},{"start":{"line":18,"column":62},"end":{"line":18,"column":84}},{"start":{"line":18,"column":88},"end":{"line":18,"column":111}}],"line":18},"2":{"loc":{"start":{"line":24,"column":12},"end":{"line":54,"column":13}},"type":"if","locations":[{"start":{"line":24,"column":12},"end":{"line":54,"column":13}},{"start":{"line":24,"column":12},"end":{"line":54,"column":13}}],"line":24},"3":{"loc":{"start":{"line":25,"column":16},"end":{"line":28,"column":17}},"type":"if","locations":[{"start":{"line":25,"column":16},"end":{"line":28,"column":17}},{"start":{"line":25,"column":16},"end":{"line":28,"column":17}}],"line":25},"4":{"loc":{"start":{"line":47,"column":20},"end":{"line":51,"column":21}},"type":"if","locations":[{"start":{"line":47,"column":20},"end":{"line":51,"column":21}},{"start":{"line":47,"column":20},"end":{"line":51,"column":21}}],"line":47}},"s":{"0":1,"1":1,"2":1,"3":1,"4":1,"5":1,"6":1,"7":1,"8":0,"9":0,"10":0,"11":0,"12":0,"13":0,"14":0,"15":0,"16":0,"17":0,"18":0,"19":0,"20":0,"21":0,"22":0,"23":0,"24":0,"25":0,"26":0,"27":0,"28":0,"29":1},"f":{"0":0,"1":0,"2":0},"b":{"0":[0,0],"1":[0,0,0,0],"2":[0,0],"3":[0,0],"4":[0,0]},"_coverageSchema":"332fd63041d2c1bcb487cc26dd0d5f7d97098a6c","hash":"c46232ade67ceba77b692cf9a81f9ccf04815ef6","contentHash":"c05debe65dc794016fe0d4a42c99ebc4_11.2.1"},"/home/traning/Desktop/Personalized-Emailer/projectPmMailer /server/express/routes/login.js":{"path":"/home/traning/Desktop/Personalized-Emailer/projectPmMailer /server/express/routes/login.js","statementMap":{"0":{"start":{"line":1,"column":13},"end":{"line":1,"column":43}},"1":{"start":{"line":2,"column":13},"end":{"line":2,"column":28}},"2":{"start":{"line":3,"column":12},"end":{"line":3,"column":35}},"3":{"start":{"line":4,"column":15},"end":{"line":4,"column":44}},"4":{"start":{"line":5,"column":15},"end":{"line":5,"column":48}},"5":{"start":{"line":6,"column":16},"end":{"line":6,"column":34}},"6":{"start":{"line":7,"column":15},"end":{"line":7,"column":31}},"7":{"start":{"line":10,"column":0},"end":{"line":38,"column":3}},"8":{"start":{"line":11,"column":4},"end":{"line":37,"column":7}},"9":{"start":{"line":14,"column":8},"end":{"line":17,"column":9}},"10":{"start":{"line":15,"column":12},"end":{"line":15,"column":97}},"11":{"start":{"line":16,"column":12},"end":{"line":16,"column":33}},"12":{"start":{"line":18,"column":8},"end":{"line":36,"column":9}},"13":{"start":{"line":20,"column":12},"end":{"line":20,"column":106}},"14":{"start":{"line":21,"column":12},"end":{"line":21,"column":65}},"15":{"start":{"line":24,"column":12},"end":{"line":35,"column":15}},"16":{"start":{"line":25,"column":16},"end":{"line":34,"column":17}},"17":{"start":{"line":27,"column":32},"end":{"line":27,"column":65}},"18":{"start":{"line":29,"column":20},"end":{"line":29,"column":126}},"19":{"start":{"line":30,"column":20},"end":{"line":30,"column":64}},"20":{"start":{"line":32,"column":20},"end":{"line":32,"column":115}},"21":{"start":{"line":33,"column":20},"end":{"line":33,"column":74}},"22":{"start":{"line":40,"column":0},"end":{"line":52,"column":2}},"23":{"start":{"line":41,"column":4},"end":{"line":51,"column":6}},"24":{"start":{"line":43,"column":8},"end":{"line":50,"column":9}},"25":{"start":{"line":44,"column":12},"end":{"line":44,"column":69}},"26":{"start":{"line":45,"column":12},"end":{"line":45,"column":33}},"27":{"start":{"line":48,"column":12},"end":{"line":48,"column":26}},"28":{"start":{"line":49,"column":12},"end":{"line":49,"column":53}},"29":{"start":{"line":54,"column":0},"end":{"line":54,"column":24}}},"fnMap":{"0":{"name":"(anonymous_0)","decl":{"start":{"line":10,"column":39},"end":{"line":10,"column":40}},"loc":{"start":{"line":10,"column":58},"end":{"line":38,"column":1}},"line":10},"1":{"name":"(anonymous_1)","decl":{"start":{"line":13,"column":7},"end":{"line":13,"column":8}},"loc":{"start":{"line":13,"column":27},"end":{"line":37,"column":5}},"line":13},"2":{"name":"(anonymous_2)","decl":{"start":{"line":24,"column":54},"end":{"line":24,"column":55}},"loc":{"start":{"line":24,"column":77},"end":{"line":35,"column":13}},"line":24},"3":{"name":"(anonymous_3)","decl":{"start":{"line":40,"column":16},"end":{"line":40,"column":17}},"loc":{"start":{"line":40,"column":35},"end":{"line":52,"column":1}},"line":40},"4":{"name":"(anonymous_4)","decl":{"start":{"line":41,"column":14},"end":{"line":41,"column":15}},"loc":{"start":{"line":41,"column":29},"end":{"line":51,"column":5}},"line":41}},"branchMap":{"0":{"loc":{"start":{"line":14,"column":8},"end":{"line":17,"column":9}},"type":"if","locations":[{"start":{"line":14,"column":8},"end":{"line":17,"column":9}},{"start":{"line":14,"column":8},"end":{"line":17,"column":9}}],"line":14},"1":{"loc":{"start":{"line":18,"column":8},"end":{"line":36,"column":9}},"type":"if","locations":[{"start":{"line":18,"column":8},"end":{"line":36,"column":9}},{"start":{"line":18,"column":8},"end":{"line":36,"column":9}}],"line":18},"2":{"loc":{"start":{"line":25,"column":16},"end":{"line":34,"column":17}},"type":"if","locations":[{"start":{"line":25,"column":16},"end":{"line":34,"column":17}},{"start":{"line":25,"column":16},"end":{"line":34,"column":17}}],"line":25},"3":{"loc":{"start":{"line":25,"column":20},"end":{"line":25,"column":35}},"type":"binary-expr","locations":[{"start":{"line":25,"column":20},"end":{"line":25,"column":27}},{"start":{"line":25,"column":31},"end":{"line":25,"column":35}}],"line":25},"4":{"loc":{"start":{"line":43,"column":8},"end":{"line":50,"column":9}},"type":"if","locations":[{"start":{"line":43,"column":8},"end":{"line":50,"column":9}},{"start":{"line":43,"column":8},"end":{"line":50,"column":9}}],"line":43}},"s":{"0":1,"1":1,"2":1,"3":1,"4":1,"5":1,"6":1,"7":1,"8":0,"9":0,"10":0,"11":0,"12":0,"13":0,"14":0,"15":0,"16":0,"17":0,"18":0,"19":0,"20":0,"21":0,"22":1,"23":0,"24":0,"25":0,"26":0,"27":0,"28":0,"29":1},"f":{"0":0,"1":0,"2":0,"3":0,"4":0},"b":{"0":[0,0],"1":[0,0],"2":[0,0],"3":[0,0],"4":[0,0]},"_coverageSchema":"332fd63041d2c1bcb487cc26dd0d5f7d97098a6c","hash":"6effe2413b3877552d344d9bcf3734fd28bca2b3","contentHash":"b5511d0e96148e0d4d1e2092c9ef257e_11.2.1"},"/home/traning/Desktop/Personalized-Emailer/projectPmMailer /server/express/routes/resetPassword.js":{"path":"/home/traning/Desktop/Personalized-Emailer/projectPmMailer /server/express/routes/resetPassword.js","statementMap":{"0":{"start":{"line":1,"column":13},"end":{"line":1,"column":43}},"1":{"start":{"line":2,"column":18},"end":{"line":2,"column":48}},"2":{"start":{"line":3,"column":19},"end":{"line":3,"column":40}},"3":{"start":{"line":4,"column":16},"end":{"line":4,"column":34}},"4":{"start":{"line":5,"column":14},"end":{"line":5,"column":30}},"5":{"start":{"line":6,"column":15},"end":{"line":6,"column":31}},"6":{"start":{"line":7,"column":17},"end":{"line":7,"column":36}},"7":{"start":{"line":8,"column":22},"end":{"line":8,"column":56}},"8":{"start":{"line":9,"column":15},"end":{"line":9,"column":48}},"9":{"start":{"line":10,"column":15},"end":{"line":10,"column":32}},"10":{"start":{"line":12,"column":0},"end":{"line":24,"column":4}},"11":{"start":{"line":13,"column":4},"end":{"line":23,"column":7}},"12":{"start":{"line":14,"column":8},"end":{"line":14,"column":34}},"13":{"start":{"line":14,"column":17},"end":{"line":14,"column":34}},"14":{"start":{"line":15,"column":8},"end":{"line":15,"column":77}},"15":{"start":{"line":15,"column":19},"end":{"line":15,"column":77}},"16":{"start":{"line":16,"column":8},"end":{"line":22,"column":11}},"17":{"start":{"line":17,"column":12},"end":{"line":21,"column":13}},"18":{"start":{"line":18,"column":16},"end":{"line":18,"column":40}},"19":{"start":{"line":20,"column":16},"end":{"line":20,"column":77}},"20":{"start":{"line":26,"column":0},"end":{"line":28,"column":3}},"21":{"start":{"line":27,"column":4},"end":{"line":27,"column":24}},"22":{"start":{"line":30,"column":0},"end":{"line":34,"column":3}},"23":{"start":{"line":31,"column":4},"end":{"line":33,"column":7}},"24":{"start":{"line":32,"column":8},"end":{"line":32,"column":24}},"25":{"start":{"line":36,"column":0},"end":{"line":92,"column":3}},"26":{"start":{"line":37,"column":4},"end":{"line":91,"column":7}},"27":{"start":{"line":39,"column":12},"end":{"line":42,"column":15}},"28":{"start":{"line":40,"column":28},"end":{"line":40,"column":47}},"29":{"start":{"line":41,"column":16},"end":{"line":41,"column":33}},"30":{"start":{"line":46,"column":12},"end":{"line":46,"column":29}},"31":{"start":{"line":47,"column":12},"end":{"line":57,"column":15}},"32":{"start":{"line":48,"column":16},"end":{"line":51,"column":17}},"33":{"start":{"line":49,"column":20},"end":{"line":49,"column":78}},"34":{"start":{"line":50,"column":20},"end":{"line":50,"column":122}},"35":{"start":{"line":52,"column":16},"end":{"line":52,"column":48}},"36":{"start":{"line":53,"column":16},"end":{"line":53,"column":81}},"37":{"start":{"line":54,"column":16},"end":{"line":56,"column":19}},"38":{"start":{"line":55,"column":20},"end":{"line":55,"column":43}},"39":{"start":{"line":61,"column":30},"end":{"line":67,"column":14}},"40":{"start":{"line":68,"column":30},"end":{"line":76,"column":13}},"41":{"start":{"line":77,"column":12},"end":{"line":85,"column":15}},"42":{"start":{"line":78,"column":16},"end":{"line":84,"column":17}},"43":{"start":{"line":79,"column":20},"end":{"line":79,"column":49}},"44":{"start":{"line":80,"column":20},"end":{"line":80,"column":61}},"45":{"start":{"line":82,"column":20},"end":{"line":82,"column":72}},"46":{"start":{"line":83,"column":20},"end":{"line":83,"column":60}},"47":{"start":{"line":88,"column":8},"end":{"line":88,"column":34}},"48":{"start":{"line":88,"column":17},"end":{"line":88,"column":34}},"49":{"start":{"line":89,"column":8},"end":{"line":89,"column":36}},"50":{"start":{"line":90,"column":8},"end":{"line":90,"column":41}},"51":{"start":{"line":95,"column":0},"end":{"line":106,"column":3}},"52":{"start":{"line":96,"column":19},"end":{"line":96,"column":35}},"53":{"start":{"line":98,"column":4},"end":{"line":105,"column":7}},"54":{"start":{"line":99,"column":8},"end":{"line":102,"column":9}},"55":{"start":{"line":100,"column":12},"end":{"line":100,"column":75}},"56":{"start":{"line":101,"column":12},"end":{"line":101,"column":108}},"57":{"start":{"line":103,"column":8},"end":{"line":103,"column":61}},"58":{"start":{"line":104,"column":8},"end":{"line":104,"column":55}},"59":{"start":{"line":109,"column":0},"end":{"line":136,"column":3}},"60":{"start":{"line":110,"column":4},"end":{"line":135,"column":7}},"61":{"start":{"line":112,"column":12},"end":{"line":126,"column":15}},"62":{"start":{"line":113,"column":16},"end":{"line":116,"column":17}},"63":{"start":{"line":114,"column":20},"end":{"line":114,"column":83}},"64":{"start":{"line":115,"column":20},"end":{"line":115,"column":116}},"65":{"start":{"line":117,"column":16},"end":{"line":117,"column":50}},"66":{"start":{"line":118,"column":16},"end":{"line":118,"column":52}},"67":{"start":{"line":119,"column":16},"end":{"line":119,"column":54}},"68":{"start":{"line":121,"column":16},"end":{"line":125,"column":19}},"69":{"start":{"line":122,"column":20},"end":{"line":124,"column":23}},"70":{"start":{"line":123,"column":24},"end":{"line":123,"column":40}},"71":{"start":{"line":129,"column":8},"end":{"line":134,"column":9}},"72":{"start":{"line":130,"column":12},"end":{"line":130,"column":60}},"73":{"start":{"line":132,"column":12},"end":{"line":132,"column":56}},"74":{"start":{"line":133,"column":12},"end":{"line":133,"column":52}},"75":{"start":{"line":137,"column":0},"end":{"line":137,"column":24}}},"fnMap":{"0":{"name":"(anonymous_0)","decl":{"start":{"line":12,"column":31},"end":{"line":12,"column":32}},"loc":{"start":{"line":12,"column":63},"end":{"line":24,"column":1}},"line":12},"1":{"name":"(anonymous_1)","decl":{"start":{"line":13,"column":35},"end":{"line":13,"column":36}},"loc":{"start":{"line":13,"column":55},"end":{"line":23,"column":5}},"line":13},"2":{"name":"(anonymous_2)","decl":{"start":{"line":16,"column":39},"end":{"line":16,"column":40}},"loc":{"start":{"line":16,"column":62},"end":{"line":22,"column":9}},"line":16},"3":{"name":"(anonymous_3)","decl":{"start":{"line":26,"column":23},"end":{"line":26,"column":24}},"loc":{"start":{"line":26,"column":44},"end":{"line":28,"column":1}},"line":26},"4":{"name":"(anonymous_4)","decl":{"start":{"line":30,"column":25},"end":{"line":30,"column":26}},"loc":{"start":{"line":30,"column":44},"end":{"line":34,"column":1}},"line":30},"5":{"name":"(anonymous_5)","decl":{"start":{"line":31,"column":22},"end":{"line":31,"column":23}},"loc":{"start":{"line":31,"column":42},"end":{"line":33,"column":5}},"line":31},"6":{"name":"(anonymous_6)","decl":{"start":{"line":36,"column":29},"end":{"line":36,"column":30}},"loc":{"start":{"line":36,"column":54},"end":{"line":92,"column":1}},"line":36},"7":{"name":"(anonymous_7)","decl":{"start":{"line":38,"column":8},"end":{"line":38,"column":9}},"loc":{"start":{"line":38,"column":23},"end":{"line":43,"column":9}},"line":38},"8":{"name":"(anonymous_8)","decl":{"start":{"line":39,"column":35},"end":{"line":39,"column":36}},"loc":{"start":{"line":39,"column":54},"end":{"line":42,"column":13}},"line":39},"9":{"name":"(anonymous_9)","decl":{"start":{"line":45,"column":8},"end":{"line":45,"column":9}},"loc":{"start":{"line":45,"column":30},"end":{"line":58,"column":9}},"line":45},"10":{"name":"(anonymous_10)","decl":{"start":{"line":47,"column":54},"end":{"line":47,"column":55}},"loc":{"start":{"line":47,"column":74},"end":{"line":57,"column":13}},"line":47},"11":{"name":"(anonymous_11)","decl":{"start":{"line":54,"column":26},"end":{"line":54,"column":27}},"loc":{"start":{"line":54,"column":40},"end":{"line":56,"column":17}},"line":54},"12":{"name":"(anonymous_12)","decl":{"start":{"line":60,"column":8},"end":{"line":60,"column":9}},"loc":{"start":{"line":60,"column":36},"end":{"line":86,"column":9}},"line":60},"13":{"name":"(anonymous_13)","decl":{"start":{"line":77,"column":46},"end":{"line":77,"column":47}},"loc":{"start":{"line":77,"column":68},"end":{"line":85,"column":13}},"line":77},"14":{"name":"(anonymous_14)","decl":{"start":{"line":87,"column":7},"end":{"line":87,"column":8}},"loc":{"start":{"line":87,"column":21},"end":{"line":91,"column":5}},"line":87},"15":{"name":"(anonymous_15)","decl":{"start":{"line":95,"column":28},"end":{"line":95,"column":29}},"loc":{"start":{"line":95,"column":47},"end":{"line":106,"column":1}},"line":95},"16":{"name":"(anonymous_16)","decl":{"start":{"line":98,"column":102},"end":{"line":98,"column":103}},"loc":{"start":{"line":98,"column":122},"end":{"line":105,"column":5}},"line":98},"17":{"name":"(anonymous_17)","decl":{"start":{"line":109,"column":29},"end":{"line":109,"column":30}},"loc":{"start":{"line":109,"column":48},"end":{"line":136,"column":1}},"line":109},"18":{"name":"(anonymous_18)","decl":{"start":{"line":111,"column":8},"end":{"line":111,"column":9}},"loc":{"start":{"line":111,"column":23},"end":{"line":127,"column":9}},"line":111},"19":{"name":"(anonymous_19)","decl":{"start":{"line":112,"column":110},"end":{"line":112,"column":111}},"loc":{"start":{"line":112,"column":130},"end":{"line":126,"column":13}},"line":112},"20":{"name":"(anonymous_20)","decl":{"start":{"line":121,"column":26},"end":{"line":121,"column":27}},"loc":{"start":{"line":121,"column":40},"end":{"line":125,"column":17}},"line":121},"21":{"name":"(anonymous_21)","decl":{"start":{"line":122,"column":36},"end":{"line":122,"column":37}},"loc":{"start":{"line":122,"column":50},"end":{"line":124,"column":21}},"line":122},"22":{"name":"(anonymous_22)","decl":{"start":{"line":128,"column":7},"end":{"line":128,"column":8}},"loc":{"start":{"line":128,"column":21},"end":{"line":135,"column":5}},"line":128}},"branchMap":{"0":{"loc":{"start":{"line":14,"column":8},"end":{"line":14,"column":34}},"type":"if","locations":[{"start":{"line":14,"column":8},"end":{"line":14,"column":34}},{"start":{"line":14,"column":8},"end":{"line":14,"column":34}}],"line":14},"1":{"loc":{"start":{"line":15,"column":8},"end":{"line":15,"column":77}},"type":"if","locations":[{"start":{"line":15,"column":8},"end":{"line":15,"column":77}},{"start":{"line":15,"column":8},"end":{"line":15,"column":77}}],"line":15},"2":{"loc":{"start":{"line":17,"column":12},"end":{"line":21,"column":13}},"type":"if","locations":[{"start":{"line":17,"column":12},"end":{"line":21,"column":13}},{"start":{"line":17,"column":12},"end":{"line":21,"column":13}}],"line":17},"3":{"loc":{"start":{"line":48,"column":16},"end":{"line":51,"column":17}},"type":"if","locations":[{"start":{"line":48,"column":16},"end":{"line":51,"column":17}},{"start":{"line":48,"column":16},"end":{"line":51,"column":17}}],"line":48},"4":{"loc":{"start":{"line":78,"column":16},"end":{"line":84,"column":17}},"type":"if","locations":[{"start":{"line":78,"column":16},"end":{"line":84,"column":17}},{"start":{"line":78,"column":16},"end":{"line":84,"column":17}}],"line":78},"5":{"loc":{"start":{"line":88,"column":8},"end":{"line":88,"column":34}},"type":"if","locations":[{"start":{"line":88,"column":8},"end":{"line":88,"column":34}},{"start":{"line":88,"column":8},"end":{"line":88,"column":34}}],"line":88},"6":{"loc":{"start":{"line":99,"column":8},"end":{"line":102,"column":9}},"type":"if","locations":[{"start":{"line":99,"column":8},"end":{"line":102,"column":9}},{"start":{"line":99,"column":8},"end":{"line":102,"column":9}}],"line":99},"7":{"loc":{"start":{"line":113,"column":16},"end":{"line":116,"column":17}},"type":"if","locations":[{"start":{"line":113,"column":16},"end":{"line":116,"column":17}},{"start":{"line":113,"column":16},"end":{"line":116,"column":17}}],"line":113},"8":{"loc":{"start":{"line":129,"column":8},"end":{"line":134,"column":9}},"type":"if","locations":[{"start":{"line":129,"column":8},"end":{"line":134,"column":9}},{"start":{"line":129,"column":8},"end":{"line":134,"column":9}}],"line":129}},"s":{"0":1,"1":1,"2":1,"3":1,"4":1,"5":1,"6":1,"7":1,"8":1,"9":1,"10":1,"11":0,"12":0,"13":0,"14":0,"15":0,"16":0,"17":0,"18":0,"19":0,"20":1,"21":0,"22":1,"23":0,"24":0,"25":1,"26":0,"27":0,"28":0,"29":0,"30":0,"31":0,"32":0,"33":0,"34":0,"35":0,"36":0,"37":0,"38":0,"39":0,"40":0,"41":0,"42":0,"43":0,"44":0,"45":0,"46":0,"47":0,"48":0,"49":0,"50":0,"51":1,"52":0,"53":0,"54":0,"55":0,"56":0,"57":0,"58":0,"59":1,"60":0,"61":0,"62":0,"63":0,"64":0,"65":0,"66":0,"67":0,"68":0,"69":0,"70":0,"71":0,"72":0,"73":0,"74":0,"75":1},"f":{"0":0,"1":0,"2":0,"3":0,"4":0,"5":0,"6":0,"7":0,"8":0,"9":0,"10":0,"11":0,"12":0,"13":0,"14":0,"15":0,"16":0,"17":0,"18":0,"19":0,"20":0,"21":0,"22":0},"b":{"0":[0,0],"1":[0,0],"2":[0,0],"3":[0,0],"4":[0,0],"5":[0,0],"6":[0,0],"7":[0,0],"8":[0,0]},"_coverageSchema":"332fd63041d2c1bcb487cc26dd0d5f7d97098a6c","hash":"b1046dadd0796dafdd7f2bd6cf540133bb18e79e","contentHash":"67bf8e5ab58f51e2f7bfda9ede3860a5_11.2.1"},"/home/traning/Desktop/Personalized-Emailer/projectPmMailer /server/express/routes/logout.js":{"path":"/home/traning/Desktop/Personalized-Emailer/projectPmMailer /server/express/routes/logout.js","statementMap":{"0":{"start":{"line":1,"column":16},"end":{"line":1,"column":34}},"1":{"start":{"line":2,"column":15},"end":{"line":2,"column":31}},"2":{"start":{"line":3,"column":15},"end":{"line":3,"column":48}},"3":{"start":{"line":6,"column":0},"end":{"line":9,"column":3}},"4":{"start":{"line":7,"column":4},"end":{"line":7,"column":44}},"5":{"start":{"line":8,"column":4},"end":{"line":8,"column":42}},"6":{"start":{"line":11,"column":0},"end":{"line":11,"column":24}}},"fnMap":{"0":{"name":"(anonymous_0)","decl":{"start":{"line":6,"column":22},"end":{"line":6,"column":23}},"loc":{"start":{"line":6,"column":41},"end":{"line":9,"column":1}},"line":6}},"branchMap":{},"s":{"0":1,"1":1,"2":1,"3":1,"4":0,"5":0,"6":1},"f":{"0":0},"b":{},"_coverageSchema":"332fd63041d2c1bcb487cc26dd0d5f7d97098a6c","hash":"625f4a4102a0e91097ab8f3acbb614104fea104f","contentHash":"9cc4d4e828e25caabc7634830f4f5698_11.2.1"},"/home/traning/Desktop/Personalized-Emailer/projectPmMailer /server/express/routes/googleAuth.js":{"path":"/home/traning/Desktop/Personalized-Emailer/projectPmMailer /server/express/routes/googleAuth.js","statementMap":{"0":{"start":{"line":1,"column":22},"end":{"line":1,"column":55}},"1":{"start":{"line":2,"column":16},"end":{"line":2,"column":34}},"2":{"start":{"line":3,"column":15},"end":{"line":3,"column":31}},"3":{"start":{"line":4,"column":17},"end":{"line":4,"column":36}},"4":{"start":{"line":7,"column":0},"end":{"line":11,"column":2}},"5":{"start":{"line":13,"column":0},"end":{"line":18,"column":2}},"6":{"start":{"line":20,"column":0},"end":{"line":20,"column":24}}},"fnMap":{},"branchMap":{},"s":{"0":1,"1":1,"2":1,"3":1,"4":1,"5":1,"6":1},"f":{},"b":{},"_coverageSchema":"332fd63041d2c1bcb487cc26dd0d5f7d97098a6c","hash":"9b8f661d1ae1a097f9d3ae912dc7ed9d88e56f5c","contentHash":"22c6f9415e3b6e44d444e873a4ff99e1_11.2.1"},"/home/traning/Desktop/Personalized-Emailer/projectPmMailer /server/express/routes/facebookAuth.js":{"path":"/home/traning/Desktop/Personalized-Emailer/projectPmMailer /server/express/routes/facebookAuth.js","statementMap":{"0":{"start":{"line":1,"column":24},"end":{"line":1,"column":59}},"1":{"start":{"line":2,"column":16},"end":{"line":2,"column":34}},"2":{"start":{"line":3,"column":15},"end":{"line":3,"column":31}},"3":{"start":{"line":4,"column":17},"end":{"line":4,"column":36}},"4":{"start":{"line":8,"column":0},"end":{"line":10,"column":2}},"5":{"start":{"line":12,"column":0},"end":{"line":17,"column":2}},"6":{"start":{"line":18,"column":0},"end":{"line":21,"column":3}},"7":{"start":{"line":19,"column":3},"end":{"line":19,"column":21}},"8":{"start":{"line":20,"column":3},"end":{"line":20,"column":24}},"9":{"start":{"line":31,"column":0},"end":{"line":31,"column":24}}},"fnMap":{"0":{"name":"(anonymous_0)","decl":{"start":{"line":18,"column":23},"end":{"line":18,"column":24}},"loc":{"start":{"line":18,"column":44},"end":{"line":21,"column":1}},"line":18}},"branchMap":{},"s":{"0":1,"1":1,"2":1,"3":1,"4":1,"5":1,"6":1,"7":0,"8":0,"9":1},"f":{"0":0},"b":{},"_coverageSchema":"332fd63041d2c1bcb487cc26dd0d5f7d97098a6c","hash":"f1f0587bea8d8e2c9a98b7a9fd9615112fe23ada","contentHash":"e4495635ea17146b93aee2772ca6e288_11.2.1"},"/home/traning/Desktop/Personalized-Emailer/projectPmMailer /server/express/routes/update.js":{"path":"/home/traning/Desktop/Personalized-Emailer/projectPmMailer /server/express/routes/update.js","statementMap":{"0":{"start":{"line":1,"column":16},"end":{"line":1,"column":34}},"1":{"start":{"line":2,"column":15},"end":{"line":2,"column":31}},"2":{"start":{"line":3,"column":13},"end":{"line":3,"column":43}},"3":{"start":{"line":5,"column":15},"end":{"line":5,"column":48}},"4":{"start":{"line":9,"column":0},"end":{"line":22,"column":3}},"5":{"start":{"line":10,"column":4},"end":{"line":21,"column":7}},"6":{"start":{"line":15,"column":8},"end":{"line":20,"column":9}},"7":{"start":{"line":16,"column":12},"end":{"line":16,"column":25}},"8":{"start":{"line":18,"column":12},"end":{"line":18,"column":28}},"9":{"start":{"line":19,"column":12},"end":{"line":19,"column":55}},"10":{"start":{"line":27,"column":0},"end":{"line":42,"column":3}},"11":{"start":{"line":29,"column":4},"end":{"line":41,"column":7}},"12":{"start":{"line":36,"column":8},"end":{"line":40,"column":9}},"13":{"start":{"line":37,"column":12},"end":{"line":37,"column":25}},"14":{"start":{"line":39,"column":12},"end":{"line":39,"column":28}},"15":{"start":{"line":47,"column":0},"end":{"line":60,"column":3}},"16":{"start":{"line":48,"column":4},"end":{"line":59,"column":6}},"17":{"start":{"line":52,"column":12},"end":{"line":57,"column":13}},"18":{"start":{"line":53,"column":16},"end":{"line":53,"column":29}},"19":{"start":{"line":55,"column":16},"end":{"line":55,"column":49}},"20":{"start":{"line":56,"column":16},"end":{"line":56,"column":64}},"21":{"start":{"line":65,"column":0},"end":{"line":89,"column":2}},"22":{"start":{"line":66,"column":4},"end":{"line":87,"column":6}},"23":{"start":{"line":67,"column":8},"end":{"line":86,"column":9}},"24":{"start":{"line":68,"column":12},"end":{"line":68,"column":87}},"25":{"start":{"line":70,"column":12},"end":{"line":85,"column":14}},"26":{"start":{"line":71,"column":16},"end":{"line":84,"column":17}},"27":{"start":{"line":72,"column":20},"end":{"line":72,"column":52}},"28":{"start":{"line":73,"column":20},"end":{"line":81,"column":22}},"29":{"start":{"line":74,"column":24},"end":{"line":80,"column":25}},"30":{"start":{"line":75,"column":28},"end":{"line":75,"column":69}},"31":{"start":{"line":76,"column":28},"end":{"line":76,"column":106}},"32":{"start":{"line":78,"column":28},"end":{"line":78,"column":72}},"33":{"start":{"line":79,"column":28},"end":{"line":79,"column":109}},"34":{"start":{"line":83,"column":20},"end":{"line":83,"column":90}},"35":{"start":{"line":94,"column":0},"end":{"line":107,"column":3}},"36":{"start":{"line":95,"column":4},"end":{"line":95,"column":22}},"37":{"start":{"line":96,"column":4},"end":{"line":106,"column":7}},"38":{"start":{"line":101,"column":8},"end":{"line":105,"column":9}},"39":{"start":{"line":102,"column":12},"end":{"line":102,"column":42}},"40":{"start":{"line":104,"column":12},"end":{"line":104,"column":27}},"41":{"start":{"line":109,"column":0},"end":{"line":109,"column":24}}},"fnMap":{"0":{"name":"(anonymous_0)","decl":{"start":{"line":9,"column":33},"end":{"line":9,"column":34}},"loc":{"start":{"line":9,"column":47},"end":{"line":22,"column":1}},"line":9},"1":{"name":"(anonymous_1)","decl":{"start":{"line":14,"column":7},"end":{"line":14,"column":8}},"loc":{"start":{"line":14,"column":24},"end":{"line":21,"column":5}},"line":14},"2":{"name":"(anonymous_2)","decl":{"start":{"line":27,"column":33},"end":{"line":27,"column":34}},"loc":{"start":{"line":27,"column":47},"end":{"line":42,"column":1}},"line":27},"3":{"name":"(anonymous_3)","decl":{"start":{"line":35,"column":7},"end":{"line":35,"column":8}},"loc":{"start":{"line":35,"column":24},"end":{"line":41,"column":5}},"line":35},"4":{"name":"(anonymous_4)","decl":{"start":{"line":47,"column":36},"end":{"line":47,"column":37}},"loc":{"start":{"line":47,"column":50},"end":{"line":60,"column":1}},"line":47},"5":{"name":"(anonymous_5)","decl":{"start":{"line":51,"column":8},"end":{"line":51,"column":9}},"loc":{"start":{"line":51,"column":23},"end":{"line":58,"column":9}},"line":51},"6":{"name":"(anonymous_6)","decl":{"start":{"line":65,"column":38},"end":{"line":65,"column":39}},"loc":{"start":{"line":65,"column":52},"end":{"line":89,"column":1}},"line":65},"7":{"name":"(anonymous_7)","decl":{"start":{"line":66,"column":46},"end":{"line":66,"column":47}},"loc":{"start":{"line":66,"column":66},"end":{"line":87,"column":5}},"line":66},"8":{"name":"(anonymous_8)","decl":{"start":{"line":70,"column":54},"end":{"line":70,"column":55}},"loc":{"start":{"line":70,"column":77},"end":{"line":85,"column":13}},"line":70},"9":{"name":"(anonymous_9)","decl":{"start":{"line":73,"column":30},"end":{"line":73,"column":31}},"loc":{"start":{"line":73,"column":39},"end":{"line":81,"column":21}},"line":73},"10":{"name":"(anonymous_10)","decl":{"start":{"line":94,"column":27},"end":{"line":94,"column":28}},"loc":{"start":{"line":94,"column":41},"end":{"line":107,"column":1}},"line":94},"11":{"name":"(anonymous_11)","decl":{"start":{"line":100,"column":7},"end":{"line":100,"column":8}},"loc":{"start":{"line":100,"column":22},"end":{"line":106,"column":5}},"line":100}},"branchMap":{"0":{"loc":{"start":{"line":15,"column":8},"end":{"line":20,"column":9}},"type":"if","locations":[{"start":{"line":15,"column":8},"end":{"line":20,"column":9}},{"start":{"line":15,"column":8},"end":{"line":20,"column":9}}],"line":15},"1":{"loc":{"start":{"line":36,"column":8},"end":{"line":40,"column":9}},"type":"if","locations":[{"start":{"line":36,"column":8},"end":{"line":40,"column":9}},{"start":{"line":36,"column":8},"end":{"line":40,"column":9}}],"line":36},"2":{"loc":{"start":{"line":52,"column":12},"end":{"line":57,"column":13}},"type":"if","locations":[{"start":{"line":52,"column":12},"end":{"line":57,"column":13}},{"start":{"line":52,"column":12},"end":{"line":57,"column":13}}],"line":52},"3":{"loc":{"start":{"line":67,"column":8},"end":{"line":86,"column":9}},"type":"if","locations":[{"start":{"line":67,"column":8},"end":{"line":86,"column":9}},{"start":{"line":67,"column":8},"end":{"line":86,"column":9}}],"line":67},"4":{"loc":{"start":{"line":71,"column":16},"end":{"line":84,"column":17}},"type":"if","locations":[{"start":{"line":71,"column":16},"end":{"line":84,"column":17}},{"start":{"line":71,"column":16},"end":{"line":84,"column":17}}],"line":71},"5":{"loc":{"start":{"line":71,"column":20},"end":{"line":71,"column":35}},"type":"binary-expr","locations":[{"start":{"line":71,"column":20},"end":{"line":71,"column":27}},{"start":{"line":71,"column":31},"end":{"line":71,"column":35}}],"line":71},"6":{"loc":{"start":{"line":74,"column":24},"end":{"line":80,"column":25}},"type":"if","locations":[{"start":{"line":74,"column":24},"end":{"line":80,"column":25}},{"start":{"line":74,"column":24},"end":{"line":80,"column":25}}],"line":74},"7":{"loc":{"start":{"line":101,"column":8},"end":{"line":105,"column":9}},"type":"if","locations":[{"start":{"line":101,"column":8},"end":{"line":105,"column":9}},{"start":{"line":101,"column":8},"end":{"line":105,"column":9}}],"line":101}},"s":{"0":1,"1":1,"2":1,"3":1,"4":1,"5":0,"6":0,"7":0,"8":0,"9":0,"10":1,"11":0,"12":0,"13":0,"14":0,"15":1,"16":0,"17":0,"18":0,"19":0,"20":0,"21":1,"22":0,"23":0,"24":0,"25":0,"26":0,"27":0,"28":0,"29":0,"30":0,"31":0,"32":0,"33":0,"34":0,"35":1,"36":0,"37":0,"38":0,"39":0,"40":0,"41":1},"f":{"0":0,"1":0,"2":0,"3":0,"4":0,"5":0,"6":0,"7":0,"8":0,"9":0,"10":0,"11":0},"b":{"0":[0,0],"1":[0,0],"2":[0,0],"3":[0,0],"4":[0,0],"5":[0,0],"6":[0,0],"7":[0,0]},"_coverageSchema":"332fd63041d2c1bcb487cc26dd0d5f7d97098a6c","hash":"7039fe90b769561c4d66d7c1a5244a49200e177e","contentHash":"007b770f13e049b32497579d11a17b4b_11.2.1"},"/home/traning/Desktop/Personalized-Emailer/projectPmMailer /server/express/routes/getData.js":{"path":"/home/traning/Desktop/Personalized-Emailer/projectPmMailer /server/express/routes/getData.js","statementMap":{"0":{"start":{"line":1,"column":13},"end":{"line":1,"column":43}},"1":{"start":{"line":2,"column":18},"end":{"line":2,"column":48}},"2":{"start":{"line":3,"column":19},"end":{"line":3,"column":40}},"3":{"start":{"line":4,"column":16},"end":{"line":4,"column":34}},"4":{"start":{"line":5,"column":14},"end":{"line":5,"column":30}},"5":{"start":{"line":6,"column":15},"end":{"line":6,"column":31}},"6":{"start":{"line":7,"column":17},"end":{"line":7,"column":36}},"7":{"start":{"line":8,"column":22},"end":{"line":8,"column":56}},"8":{"start":{"line":9,"column":15},"end":{"line":9,"column":48}},"9":{"start":{"line":10,"column":15},"end":{"line":10,"column":32}},"10":{"start":{"line":13,"column":0},"end":{"line":24,"column":2}},"11":{"start":{"line":15,"column":4},"end":{"line":23,"column":6}},"12":{"start":{"line":16,"column":8},"end":{"line":22,"column":9}},"13":{"start":{"line":17,"column":12},"end":{"line":17,"column":42}},"14":{"start":{"line":18,"column":12},"end":{"line":18,"column":67}},"15":{"start":{"line":20,"column":12},"end":{"line":20,"column":49}},"16":{"start":{"line":21,"column":12},"end":{"line":21,"column":27}},"17":{"start":{"line":26,"column":0},"end":{"line":26,"column":24}}},"fnMap":{"0":{"name":"(anonymous_0)","decl":{"start":{"line":13,"column":31},"end":{"line":13,"column":32}},"loc":{"start":{"line":13,"column":50},"end":{"line":24,"column":1}},"line":13},"1":{"name":"(anonymous_1)","decl":{"start":{"line":15,"column":46},"end":{"line":15,"column":47}},"loc":{"start":{"line":15,"column":61},"end":{"line":23,"column":5}},"line":15}},"branchMap":{"0":{"loc":{"start":{"line":16,"column":8},"end":{"line":22,"column":9}},"type":"if","locations":[{"start":{"line":16,"column":8},"end":{"line":22,"column":9}},{"start":{"line":16,"column":8},"end":{"line":22,"column":9}}],"line":16}},"s":{"0":1,"1":1,"2":1,"3":1,"4":1,"5":1,"6":1,"7":1,"8":1,"9":1,"10":1,"11":0,"12":0,"13":0,"14":0,"15":0,"16":0,"17":1},"f":{"0":0,"1":0},"b":{"0":[0,0]},"_coverageSchema":"332fd63041d2c1bcb487cc26dd0d5f7d97098a6c","hash":"870958ff3dceb1226806b2f77f39644d89b43d78","contentHash":"6ee1214f70fc464306940a9992ef359a_11.2.1"},"/home/traning/Desktop/Personalized-Emailer/projectPmMailer /server/express/routes/preference.js":{"path":"/home/traning/Desktop/Personalized-Emailer/projectPmMailer /server/express/routes/preference.js","statementMap":{"0":{"start":{"line":1,"column":14},"end":{"line":1,"column":32}},"1":{"start":{"line":2,"column":11},"end":{"line":2,"column":41}},"2":{"start":{"line":3,"column":13},"end":{"line":3,"column":29}},"3":{"start":{"line":4,"column":13},"end":{"line":4,"column":46}},"4":{"start":{"line":6,"column":0},"end":{"line":29,"column":3}},"5":{"start":{"line":8,"column":14},"end":{"line":11,"column":5}},"6":{"start":{"line":12,"column":4},"end":{"line":28,"column":7}},"7":{"start":{"line":19,"column":8},"end":{"line":26,"column":9}},"8":{"start":{"line":20,"column":12},"end":{"line":20,"column":42}},"9":{"start":{"line":23,"column":12},"end":{"line":23,"column":55}},"10":{"start":{"line":24,"column":12},"end":{"line":24,"column":27}},"11":{"start":{"line":31,"column":0},"end":{"line":31,"column":24}}},"fnMap":{"0":{"name":"(anonymous_0)","decl":{"start":{"line":6,"column":33},"end":{"line":6,"column":34}},"loc":{"start":{"line":6,"column":47},"end":{"line":29,"column":1}},"line":6},"1":{"name":"(anonymous_1)","decl":{"start":{"line":17,"column":7},"end":{"line":17,"column":8}},"loc":{"start":{"line":17,"column":22},"end":{"line":28,"column":5}},"line":17}},"branchMap":{"0":{"loc":{"start":{"line":19,"column":8},"end":{"line":26,"column":9}},"type":"if","locations":[{"start":{"line":19,"column":8},"end":{"line":26,"column":9}},{"start":{"line":19,"column":8},"end":{"line":26,"column":9}}],"line":19}},"s":{"0":1,"1":1,"2":1,"3":1,"4":1,"5":0,"6":0,"7":0,"8":0,"9":0,"10":0,"11":1},"f":{"0":0,"1":0},"b":{"0":[0,0]},"_coverageSchema":"332fd63041d2c1bcb487cc26dd0d5f7d97098a6c","hash":"0099f9743a6db3e280707fc96612f6e3e72d5414","contentHash":"719f06d27ee7ac55bd64fd12dd7d47ef_11.2.1"},"/home/traning/Desktop/Personalized-Emailer/projectPmMailer /server/express/routes/scrap.js":{"path":"/home/traning/Desktop/Personalized-Emailer/projectPmMailer /server/express/routes/scrap.js","statementMap":{"0":{"start":{"line":1,"column":14},"end":{"line":1,"column":32}},"1":{"start":{"line":2,"column":13},"end":{"line":2,"column":29}},"2":{"start":{"line":3,"column":15},"end":{"line":3,"column":34}},"3":{"start":{"line":4,"column":13},"end":{"line":4,"column":42}},"4":{"start":{"line":5,"column":14},"end":{"line":5,"column":72}},"5":{"start":{"line":6,"column":20},"end":{"line":6,"column":54}},"6":{"start":{"line":7,"column":17},"end":{"line":7,"column":43}},"7":{"start":{"line":8,"column":13},"end":{"line":8,"column":40}},"8":{"start":{"line":9,"column":14},"end":{"line":9,"column":32}},"9":{"start":{"line":10,"column":14},"end":{"line":10,"column":37}},"10":{"start":{"line":11,"column":14},"end":{"line":11,"column":32}},"11":{"start":{"line":12,"column":17},"end":{"line":12,"column":38}},"12":{"start":{"line":13,"column":16},"end":{"line":13,"column":47}},"13":{"start":{"line":14,"column":11},"end":{"line":14,"column":41}},"14":{"start":{"line":15,"column":16},"end":{"line":15,"column":46}},"15":{"start":{"line":16,"column":13},"end":{"line":16,"column":46}},"16":{"start":{"line":20,"column":0},"end":{"line":31,"column":2}},"17":{"start":{"line":21,"column":4},"end":{"line":29,"column":6}},"18":{"start":{"line":22,"column":8},"end":{"line":28,"column":9}},"19":{"start":{"line":23,"column":12},"end":{"line":23,"column":53}},"20":{"start":{"line":27,"column":12},"end":{"line":27,"column":26}},"21":{"start":{"line":33,"column":0},"end":{"line":45,"column":2}},"22":{"start":{"line":34,"column":4},"end":{"line":34,"column":22}},"23":{"start":{"line":35,"column":4},"end":{"line":43,"column":6}},"24":{"start":{"line":36,"column":8},"end":{"line":42,"column":9}},"25":{"start":{"line":37,"column":12},"end":{"line":37,"column":58}},"26":{"start":{"line":40,"column":12},"end":{"line":40,"column":26}},"27":{"start":{"line":48,"column":0},"end":{"line":61,"column":2}},"28":{"start":{"line":49,"column":4},"end":{"line":49,"column":22}},"29":{"start":{"line":50,"column":4},"end":{"line":59,"column":6}},"30":{"start":{"line":51,"column":8},"end":{"line":58,"column":9}},"31":{"start":{"line":52,"column":12},"end":{"line":52,"column":67}},"32":{"start":{"line":56,"column":12},"end":{"line":56,"column":26}},"33":{"start":{"line":63,"column":0},"end":{"line":75,"column":2}},"34":{"start":{"line":64,"column":4},"end":{"line":64,"column":22}},"35":{"start":{"line":65,"column":4},"end":{"line":73,"column":6}},"36":{"start":{"line":66,"column":8},"end":{"line":72,"column":9}},"37":{"start":{"line":67,"column":12},"end":{"line":67,"column":53}},"38":{"start":{"line":70,"column":12},"end":{"line":70,"column":26}},"39":{"start":{"line":80,"column":0},"end":{"line":110,"column":3}},"40":{"start":{"line":81,"column":15},"end":{"line":81,"column":28}},"41":{"start":{"line":83,"column":4},"end":{"line":109,"column":6}},"42":{"start":{"line":84,"column":8},"end":{"line":108,"column":9}},"43":{"start":{"line":85,"column":20},"end":{"line":85,"column":38}},"44":{"start":{"line":86,"column":24},"end":{"line":86,"column":26}},"45":{"start":{"line":87,"column":12},"end":{"line":104,"column":15}},"46":{"start":{"line":88,"column":28},"end":{"line":88,"column":70}},"47":{"start":{"line":89,"column":28},"end":{"line":89,"column":72}},"48":{"start":{"line":90,"column":29},"end":{"line":90,"column":73}},"49":{"start":{"line":91,"column":28},"end":{"line":91,"column":74}},"50":{"start":{"line":92,"column":29},"end":{"line":92,"column":76}},"51":{"start":{"line":93,"column":30},"end":{"line":93,"column":71}},"52":{"start":{"line":94,"column":32},"end":{"line":102,"column":17}},"53":{"start":{"line":103,"column":16},"end":{"line":103,"column":38}},"54":{"start":{"line":107,"column":12},"end":{"line":107,"column":38}},"55":{"start":{"line":114,"column":4},"end":{"line":118,"column":5}},"56":{"start":{"line":115,"column":8},"end":{"line":115,"column":28}},"57":{"start":{"line":116,"column":8},"end":{"line":116,"column":28}},"58":{"start":{"line":121,"column":8},"end":{"line":145,"column":10}},"59":{"start":{"line":122,"column":12},"end":{"line":144,"column":13}},"60":{"start":{"line":123,"column":24},"end":{"line":123,"column":42}},"61":{"start":{"line":126,"column":16},"end":{"line":143,"column":18}},"62":{"start":{"line":127,"column":31},"end":{"line":127,"column":59}},"63":{"start":{"line":128,"column":36},"end":{"line":128,"column":38}},"64":{"start":{"line":129,"column":20},"end":{"line":129,"column":42}},"65":{"start":{"line":130,"column":20},"end":{"line":130,"column":42}},"66":{"start":{"line":131,"column":20},"end":{"line":131,"column":38}},"67":{"start":{"line":132,"column":20},"end":{"line":132,"column":50}},"68":{"start":{"line":133,"column":20},"end":{"line":133,"column":54}},"69":{"start":{"line":134,"column":20},"end":{"line":134,"column":56}},"70":{"start":{"line":135,"column":20},"end":{"line":135,"column":58}},"71":{"start":{"line":136,"column":20},"end":{"line":142,"column":23}},"72":{"start":{"line":137,"column":24},"end":{"line":141,"column":25}},"73":{"start":{"line":138,"column":28},"end":{"line":138,"column":53}},"74":{"start":{"line":139,"column":31},"end":{"line":141,"column":25}},"75":{"start":{"line":152,"column":19},"end":{"line":152,"column":21}},"76":{"start":{"line":153,"column":4},"end":{"line":184,"column":6}},"77":{"start":{"line":154,"column":8},"end":{"line":183,"column":9}},"78":{"start":{"line":155,"column":20},"end":{"line":155,"column":38}},"79":{"start":{"line":156,"column":24},"end":{"line":156,"column":26}},"80":{"start":{"line":157,"column":12},"end":{"line":181,"column":15}},"81":{"start":{"line":158,"column":32},"end":{"line":158,"column":77}},"82":{"start":{"line":159,"column":36},"end":{"line":159,"column":75}},"83":{"start":{"line":160,"column":32},"end":{"line":160,"column":80}},"84":{"start":{"line":162,"column":16},"end":{"line":162,"column":42}},"85":{"start":{"line":163,"column":16},"end":{"line":163,"column":50}},"86":{"start":{"line":164,"column":16},"end":{"line":164,"column":42}},"87":{"start":{"line":165,"column":16},"end":{"line":165,"column":34}},"88":{"start":{"line":166,"column":16},"end":{"line":166,"column":34}},"89":{"start":{"line":167,"column":16},"end":{"line":167,"column":45}},"90":{"start":{"line":168,"column":16},"end":{"line":168,"column":49}},"91":{"start":{"line":169,"column":16},"end":{"line":169,"column":51}},"92":{"start":{"line":171,"column":33},"end":{"line":171,"column":56}},"93":{"start":{"line":172,"column":16},"end":{"line":180,"column":18}},"94":{"start":{"line":173,"column":20},"end":{"line":178,"column":21}},"95":{"start":{"line":174,"column":24},"end":{"line":174,"column":68}},"96":{"start":{"line":176,"column":27},"end":{"line":178,"column":21}},"97":{"start":{"line":189,"column":23},"end":{"line":189,"column":25}},"98":{"start":{"line":190,"column":4},"end":{"line":222,"column":6}},"99":{"start":{"line":191,"column":8},"end":{"line":221,"column":9}},"100":{"start":{"line":192,"column":20},"end":{"line":192,"column":38}},"101":{"start":{"line":193,"column":27},"end":{"line":193,"column":29}},"102":{"start":{"line":194,"column":12},"end":{"line":220,"column":15}},"103":{"start":{"line":195,"column":35},"end":{"line":195,"column":80}},"104":{"start":{"line":196,"column":39},"end":{"line":196,"column":78}},"105":{"start":{"line":197,"column":35},"end":{"line":197,"column":83}},"106":{"start":{"line":200,"column":16},"end":{"line":200,"column":49}},"107":{"start":{"line":201,"column":16},"end":{"line":201,"column":57}},"108":{"start":{"line":202,"column":16},"end":{"line":202,"column":49}},"109":{"start":{"line":203,"column":16},"end":{"line":203,"column":34}},"110":{"start":{"line":204,"column":16},"end":{"line":204,"column":49}},"111":{"start":{"line":205,"column":16},"end":{"line":205,"column":53}},"112":{"start":{"line":206,"column":16},"end":{"line":206,"column":55}},"113":{"start":{"line":208,"column":37},"end":{"line":208,"column":68}},"114":{"start":{"line":209,"column":16},"end":{"line":218,"column":18}},"115":{"start":{"line":210,"column":20},"end":{"line":216,"column":21}},"116":{"start":{"line":211,"column":24},"end":{"line":211,"column":69}},"117":{"start":{"line":213,"column":27},"end":{"line":216,"column":21}},"118":{"start":{"line":214,"column":24},"end":{"line":214,"column":72}},"119":{"start":{"line":226,"column":19},"end":{"line":280,"column":2}},"120":{"start":{"line":232,"column":8},"end":{"line":275,"column":10}},"121":{"start":{"line":233,"column":12},"end":{"line":274,"column":13}},"122":{"start":{"line":234,"column":16},"end":{"line":234,"column":89}},"123":{"start":{"line":236,"column":16},"end":{"line":273,"column":17}},"124":{"start":{"line":237,"column":20},"end":{"line":272,"column":21}},"125":{"start":{"line":238,"column":24},"end":{"line":271,"column":25}},"126":{"start":{"line":239,"column":39},"end":{"line":239,"column":73}},"127":{"start":{"line":240,"column":28},"end":{"line":248,"column":30}},"128":{"start":{"line":241,"column":32},"end":{"line":247,"column":33}},"129":{"start":{"line":242,"column":36},"end":{"line":242,"column":71}},"130":{"start":{"line":244,"column":48},"end":{"line":244,"column":78}},"131":{"start":{"line":244,"column":69},"end":{"line":244,"column":77}},"132":{"start":{"line":246,"column":36},"end":{"line":246,"column":67}},"133":{"start":{"line":249,"column":31},"end":{"line":271,"column":25}},"134":{"start":{"line":250,"column":39},"end":{"line":250,"column":72}},"135":{"start":{"line":251,"column":28},"end":{"line":259,"column":30}},"136":{"start":{"line":252,"column":32},"end":{"line":258,"column":33}},"137":{"start":{"line":254,"column":36},"end":{"line":254,"column":58}},"138":{"start":{"line":256,"column":47},"end":{"line":256,"column":76}},"139":{"start":{"line":256,"column":67},"end":{"line":256,"column":75}},"140":{"start":{"line":257,"column":36},"end":{"line":257,"column":66}},"141":{"start":{"line":260,"column":31},"end":{"line":271,"column":25}},"142":{"start":{"line":261,"column":39},"end":{"line":261,"column":76}},"143":{"start":{"line":262,"column":28},"end":{"line":270,"column":30}},"144":{"start":{"line":263,"column":32},"end":{"line":269,"column":33}},"145":{"start":{"line":264,"column":36},"end":{"line":264,"column":89}},"146":{"start":{"line":266,"column":51},"end":{"line":266,"column":84}},"147":{"start":{"line":266,"column":75},"end":{"line":266,"column":83}},"148":{"start":{"line":268,"column":36},"end":{"line":268,"column":70}},"149":{"start":{"line":281,"column":0},"end":{"line":281,"column":21}},"150":{"start":{"line":284,"column":20},"end":{"line":336,"column":2}},"151":{"start":{"line":289,"column":8},"end":{"line":331,"column":10}},"152":{"start":{"line":290,"column":12},"end":{"line":330,"column":13}},"153":{"start":{"line":291,"column":16},"end":{"line":291,"column":89}},"154":{"start":{"line":293,"column":16},"end":{"line":329,"column":17}},"155":{"start":{"line":294,"column":20},"end":{"line":328,"column":21}},"156":{"start":{"line":295,"column":24},"end":{"line":326,"column":25}},"157":{"start":{"line":296,"column":39},"end":{"line":296,"column":73}},"158":{"start":{"line":297,"column":28},"end":{"line":304,"column":30}},"159":{"start":{"line":298,"column":32},"end":{"line":303,"column":33}},"160":{"start":{"line":299,"column":36},"end":{"line":299,"column":71}},"161":{"start":{"line":301,"column":48},"end":{"line":301,"column":78}},"162":{"start":{"line":301,"column":69},"end":{"line":301,"column":77}},"163":{"start":{"line":302,"column":36},"end":{"line":302,"column":67}},"164":{"start":{"line":305,"column":31},"end":{"line":326,"column":25}},"165":{"start":{"line":306,"column":39},"end":{"line":306,"column":72}},"166":{"start":{"line":307,"column":28},"end":{"line":314,"column":30}},"167":{"start":{"line":308,"column":32},"end":{"line":313,"column":33}},"168":{"start":{"line":309,"column":36},"end":{"line":309,"column":91}},"169":{"start":{"line":311,"column":47},"end":{"line":311,"column":76}},"170":{"start":{"line":311,"column":67},"end":{"line":311,"column":75}},"171":{"start":{"line":312,"column":36},"end":{"line":312,"column":66}},"172":{"start":{"line":315,"column":31},"end":{"line":326,"column":25}},"173":{"start":{"line":316,"column":39},"end":{"line":316,"column":76}},"174":{"start":{"line":317,"column":28},"end":{"line":325,"column":30}},"175":{"start":{"line":318,"column":32},"end":{"line":324,"column":33}},"176":{"start":{"line":319,"column":36},"end":{"line":319,"column":55}},"177":{"start":{"line":321,"column":51},"end":{"line":321,"column":84}},"178":{"start":{"line":321,"column":75},"end":{"line":321,"column":83}},"179":{"start":{"line":323,"column":36},"end":{"line":323,"column":70}},"180":{"start":{"line":337,"column":0},"end":{"line":337,"column":22}},"181":{"start":{"line":340,"column":21},"end":{"line":391,"column":2}},"182":{"start":{"line":345,"column":8},"end":{"line":386,"column":10}},"183":{"start":{"line":346,"column":12},"end":{"line":385,"column":13}},"184":{"start":{"line":347,"column":16},"end":{"line":347,"column":89}},"185":{"start":{"line":349,"column":16},"end":{"line":384,"column":17}},"186":{"start":{"line":350,"column":20},"end":{"line":383,"column":21}},"187":{"start":{"line":351,"column":24},"end":{"line":382,"column":25}},"188":{"start":{"line":352,"column":39},"end":{"line":352,"column":73}},"189":{"start":{"line":353,"column":28},"end":{"line":360,"column":30}},"190":{"start":{"line":354,"column":32},"end":{"line":359,"column":33}},"191":{"start":{"line":355,"column":36},"end":{"line":355,"column":71}},"192":{"start":{"line":357,"column":48},"end":{"line":357,"column":78}},"193":{"start":{"line":357,"column":69},"end":{"line":357,"column":77}},"194":{"start":{"line":358,"column":36},"end":{"line":358,"column":67}},"195":{"start":{"line":361,"column":31},"end":{"line":382,"column":25}},"196":{"start":{"line":362,"column":39},"end":{"line":362,"column":72}},"197":{"start":{"line":363,"column":28},"end":{"line":370,"column":30}},"198":{"start":{"line":364,"column":32},"end":{"line":369,"column":33}},"199":{"start":{"line":365,"column":36},"end":{"line":365,"column":65}},"200":{"start":{"line":367,"column":47},"end":{"line":367,"column":76}},"201":{"start":{"line":367,"column":67},"end":{"line":367,"column":75}},"202":{"start":{"line":368,"column":36},"end":{"line":368,"column":66}},"203":{"start":{"line":371,"column":31},"end":{"line":382,"column":25}},"204":{"start":{"line":372,"column":39},"end":{"line":372,"column":76}},"205":{"start":{"line":373,"column":28},"end":{"line":381,"column":30}},"206":{"start":{"line":374,"column":32},"end":{"line":380,"column":33}},"207":{"start":{"line":375,"column":36},"end":{"line":375,"column":65}},"208":{"start":{"line":377,"column":51},"end":{"line":377,"column":84}},"209":{"start":{"line":377,"column":75},"end":{"line":377,"column":83}},"210":{"start":{"line":379,"column":36},"end":{"line":379,"column":70}},"211":{"start":{"line":392,"column":0},"end":{"line":392,"column":23}},"212":{"start":{"line":396,"column":22},"end":{"line":402,"column":6}},"213":{"start":{"line":403,"column":22},"end":{"line":410,"column":5}},"214":{"start":{"line":411,"column":4},"end":{"line":419,"column":7}},"215":{"start":{"line":412,"column":8},"end":{"line":418,"column":9}},"216":{"start":{"line":413,"column":12},"end":{"line":413,"column":44}},"217":{"start":{"line":416,"column":12},"end":{"line":416,"column":64}},"218":{"start":{"line":423,"column":10},"end":{"line":440,"column":2}},"219":{"start":{"line":427,"column":8},"end":{"line":436,"column":10}},"220":{"start":{"line":428,"column":12},"end":{"line":435,"column":13}},"221":{"start":{"line":429,"column":16},"end":{"line":429,"column":37}},"222":{"start":{"line":431,"column":16},"end":{"line":431,"column":45}},"223":{"start":{"line":432,"column":16},"end":{"line":432,"column":32}},"224":{"start":{"line":433,"column":16},"end":{"line":433,"column":28}},"225":{"start":{"line":434,"column":16},"end":{"line":434,"column":31}},"226":{"start":{"line":441,"column":0},"end":{"line":441,"column":12}},"227":{"start":{"line":443,"column":0},"end":{"line":443,"column":24}}},"fnMap":{"0":{"name":"(anonymous_0)","decl":{"start":{"line":20,"column":23},"end":{"line":20,"column":24}},"loc":{"start":{"line":20,"column":48},"end":{"line":31,"column":1}},"line":20},"1":{"name":"(anonymous_1)","decl":{"start":{"line":21,"column":16},"end":{"line":21,"column":17}},"loc":{"start":{"line":21,"column":31},"end":{"line":29,"column":5}},"line":21},"2":{"name":"(anonymous_2)","decl":{"start":{"line":33,"column":20},"end":{"line":33,"column":21}},"loc":{"start":{"line":33,"column":45},"end":{"line":45,"column":1}},"line":33},"3":{"name":"(anonymous_3)","decl":{"start":{"line":35,"column":93},"end":{"line":35,"column":94}},"loc":{"start":{"line":35,"column":108},"end":{"line":43,"column":5}},"line":35},"4":{"name":"(anonymous_4)","decl":{"start":{"line":48,"column":24},"end":{"line":48,"column":25}},"loc":{"start":{"line":48,"column":49},"end":{"line":61,"column":1}},"line":48},"5":{"name":"(anonymous_5)","decl":{"start":{"line":50,"column":115},"end":{"line":50,"column":116}},"loc":{"start":{"line":50,"column":130},"end":{"line":59,"column":5}},"line":50},"6":{"name":"(anonymous_6)","decl":{"start":{"line":63,"column":24},"end":{"line":63,"column":25}},"loc":{"start":{"line":63,"column":49},"end":{"line":75,"column":1}},"line":63},"7":{"name":"(anonymous_7)","decl":{"start":{"line":65,"column":97},"end":{"line":65,"column":98}},"loc":{"start":{"line":65,"column":112},"end":{"line":73,"column":5}},"line":65},"8":{"name":"(anonymous_8)","decl":{"start":{"line":80,"column":22},"end":{"line":80,"column":23}},"loc":{"start":{"line":80,"column":47},"end":{"line":110,"column":1}},"line":80},"9":{"name":"(anonymous_9)","decl":{"start":{"line":83,"column":45},"end":{"line":83,"column":46}},"loc":{"start":{"line":83,"column":77},"end":{"line":109,"column":5}},"line":83},"10":{"name":"(anonymous_10)","decl":{"start":{"line":87,"column":38},"end":{"line":87,"column":39}},"loc":{"start":{"line":87,"column":59},"end":{"line":104,"column":13}},"line":87},"11":{"name":"getnasdaq","decl":{"start":{"line":113,"column":9},"end":{"line":113,"column":18}},"loc":{"start":{"line":113,"column":25},"end":{"line":147,"column":1}},"line":113},"12":{"name":"liststockdata","decl":{"start":{"line":120,"column":13},"end":{"line":120,"column":26}},"loc":{"start":{"line":120,"column":33},"end":{"line":146,"column":5}},"line":120},"13":{"name":"(anonymous_13)","decl":{"start":{"line":121,"column":49},"end":{"line":121,"column":50}},"loc":{"start":{"line":121,"column":81},"end":{"line":145,"column":9}},"line":121},"14":{"name":"(anonymous_14)","decl":{"start":{"line":126,"column":58},"end":{"line":126,"column":59}},"loc":{"start":{"line":126,"column":79},"end":{"line":143,"column":17}},"line":126},"15":{"name":"(anonymous_15)","decl":{"start":{"line":136,"column":35},"end":{"line":136,"column":36}},"loc":{"start":{"line":136,"column":50},"end":{"line":142,"column":21}},"line":136},"16":{"name":"fundsnews","decl":{"start":{"line":150,"column":9},"end":{"line":150,"column":18}},"loc":{"start":{"line":150,"column":21},"end":{"line":185,"column":1}},"line":150},"17":{"name":"(anonymous_17)","decl":{"start":{"line":153,"column":58},"end":{"line":153,"column":59}},"loc":{"start":{"line":153,"column":90},"end":{"line":184,"column":5}},"line":153},"18":{"name":"(anonymous_18)","decl":{"start":{"line":157,"column":33},"end":{"line":157,"column":34}},"loc":{"start":{"line":157,"column":54},"end":{"line":181,"column":13}},"line":157},"19":{"name":"(anonymous_19)","decl":{"start":{"line":172,"column":32},"end":{"line":172,"column":33}},"loc":{"start":{"line":172,"column":47},"end":{"line":180,"column":17}},"line":172},"20":{"name":"currencynews","decl":{"start":{"line":188,"column":9},"end":{"line":188,"column":21}},"loc":{"start":{"line":188,"column":24},"end":{"line":223,"column":1}},"line":188},"21":{"name":"(anonymous_21)","decl":{"start":{"line":190,"column":63},"end":{"line":190,"column":64}},"loc":{"start":{"line":190,"column":95},"end":{"line":222,"column":5}},"line":190},"22":{"name":"(anonymous_22)","decl":{"start":{"line":194,"column":33},"end":{"line":194,"column":34}},"loc":{"start":{"line":194,"column":54},"end":{"line":220,"column":13}},"line":194},"23":{"name":"(anonymous_23)","decl":{"start":{"line":209,"column":36},"end":{"line":209,"column":37}},"loc":{"start":{"line":209,"column":51},"end":{"line":218,"column":17}},"line":209},"24":{"name":"(anonymous_24)","decl":{"start":{"line":231,"column":12},"end":{"line":231,"column":13}},"loc":{"start":{"line":231,"column":31},"end":{"line":276,"column":5}},"line":231},"25":{"name":"(anonymous_25)","decl":{"start":{"line":232,"column":18},"end":{"line":232,"column":19}},"loc":{"start":{"line":232,"column":33},"end":{"line":275,"column":9}},"line":232},"26":{"name":"(anonymous_26)","decl":{"start":{"line":240,"column":38},"end":{"line":240,"column":39}},"loc":{"start":{"line":240,"column":63},"end":{"line":248,"column":29}},"line":240},"27":{"name":"(anonymous_27)","decl":{"start":{"line":244,"column":62},"end":{"line":244,"column":63}},"loc":{"start":{"line":244,"column":69},"end":{"line":244,"column":77}},"line":244},"28":{"name":"(anonymous_28)","decl":{"start":{"line":251,"column":38},"end":{"line":251,"column":39}},"loc":{"start":{"line":251,"column":62},"end":{"line":259,"column":29}},"line":251},"29":{"name":"(anonymous_29)","decl":{"start":{"line":256,"column":60},"end":{"line":256,"column":61}},"loc":{"start":{"line":256,"column":67},"end":{"line":256,"column":75}},"line":256},"30":{"name":"(anonymous_30)","decl":{"start":{"line":262,"column":38},"end":{"line":262,"column":39}},"loc":{"start":{"line":262,"column":66},"end":{"line":270,"column":29}},"line":262},"31":{"name":"(anonymous_31)","decl":{"start":{"line":266,"column":68},"end":{"line":266,"column":69}},"loc":{"start":{"line":266,"column":75},"end":{"line":266,"column":83}},"line":266},"32":{"name":"(anonymous_32)","decl":{"start":{"line":288,"column":12},"end":{"line":288,"column":13}},"loc":{"start":{"line":288,"column":31},"end":{"line":332,"column":5}},"line":288},"33":{"name":"(anonymous_33)","decl":{"start":{"line":289,"column":18},"end":{"line":289,"column":19}},"loc":{"start":{"line":289,"column":33},"end":{"line":331,"column":9}},"line":289},"34":{"name":"(anonymous_34)","decl":{"start":{"line":297,"column":38},"end":{"line":297,"column":39}},"loc":{"start":{"line":297,"column":63},"end":{"line":304,"column":29}},"line":297},"35":{"name":"(anonymous_35)","decl":{"start":{"line":301,"column":62},"end":{"line":301,"column":63}},"loc":{"start":{"line":301,"column":69},"end":{"line":301,"column":77}},"line":301},"36":{"name":"(anonymous_36)","decl":{"start":{"line":307,"column":38},"end":{"line":307,"column":39}},"loc":{"start":{"line":307,"column":62},"end":{"line":314,"column":29}},"line":307},"37":{"name":"(anonymous_37)","decl":{"start":{"line":311,"column":60},"end":{"line":311,"column":61}},"loc":{"start":{"line":311,"column":67},"end":{"line":311,"column":75}},"line":311},"38":{"name":"(anonymous_38)","decl":{"start":{"line":317,"column":38},"end":{"line":317,"column":39}},"loc":{"start":{"line":317,"column":66},"end":
[...]
"line":139,"column":31},"end":{"line":141,"column":25}},"type":"if","locations":[{"start":{"line":139,"column":31},"end":{"line":141,"column":25}},{"start":{"line":139,"column":31},"end":{"line":141,"column":25}}],"line":139},"10":{"loc":{"start":{"line":154,"column":8},"end":{"line":183,"column":9}},"type":"if","locations":[{"start":{"line":154,"column":8},"end":{"line":183,"column":9}},{"start":{"line":154,"column":8},"end":{"line":183,"column":9}}],"line":154},"11":{"loc":{"start":{"line":154,"column":12},"end":{"line":154,"column":48}},"type":"binary-expr","locations":[{"start":{"line":154,"column":12},"end":{"line":154,"column":18}},{"start":{"line":154,"column":22},"end":{"line":154,"column":48}}],"line":154},"12":{"loc":{"start":{"line":173,"column":20},"end":{"line":178,"column":21}},"type":"if","locations":[{"start":{"line":173,"column":20},"end":{"line":178,"column":21}},{"start":{"line":173,"column":20},"end":{"line":178,"column":21}}],"line":173},"13":{"loc":{"start":{"line":176,"column":27},"end":{"line":178,"column":21}},"type":"if","locations":[{"start":{"line":176,"column":27},"end":{"line":178,"column":21}},{"start":{"line":176,"column":27},"end":{"line":178,"column":21}}],"line":176},"14":{"loc":{"start":{"line":191,"column":8},"end":{"line":221,"column":9}},"type":"if","locations":[{"start":{"line":191,"column":8},"end":{"line":221,"column":9}},{"start":{"line":191,"column":8},"end":{"line":221,"column":9}}],"line":191},"15":{"loc":{"start":{"line":191,"column":12},"end":{"line":191,"column":48}},"type":"binary-expr","locations":[{"start":{"line":191,"column":12},"end":{"line":191,"column":18}},{"start":{"line":191,"column":22},"end":{"line":191,"column":48}}],"line":191},"16":{"loc":{"start":{"line":210,"column":20},"end":{"line":216,"column":21}},"type":"if","locations":[{"start":{"line":210,"column":20},"end":{"line":216,"column":21}},{"start":{"line":210,"column":20},"end":{"line":216,"column":21}}],"line":210},"17":{"loc":{"start":{"line":213,"column":27},"end":{"line":216,"column":21}},"type":"if","locations":[{"start":{"line":213,"column":27},"end":{"line":216,"column":21}},{"start":{"line":213,"column":27},"end":{"line":216,"column":21}}],"line":213},"18":{"loc":{"start":{"line":233,"column":12},"end":{"line":274,"column":13}},"type":"if","locations":[{"start":{"line":233,"column":12},"end":{"line":274,"column":13}},{"start":{"line":233,"column":12},"end":{"line":274,"column":13}}],"line":233},"19":{"loc":{"start":{"line":237,"column":20},"end":{"line":272,"column":21}},"type":"if","locations":[{"start":{"line":237,"column":20},"end":{"line":272,"column":21}},{"start":{"line":237,"column":20},"end":{"line":272,"column":21}}],"line":237},"20":{"loc":{"start":{"line":238,"column":24},"end":{"line":271,"column":25}},"type":"if","locations":[{"start":{"line":238,"column":24},"end":{"line":271,"column":25}},{"start":{"line":238,"column":24},"end":{"line":271,"column":25}}],"line":238},"21":{"loc":{"start":{"line":241,"column":32},"end":{"line":247,"column":33}},"type":"if","locations":[{"start":{"line":241,"column":32},"end":{"line":247,"column":33}},{"start":{"line":241,"column":32},"end":{"line":247,"column":33}}],"line":241},"22":{"loc":{"start":{"line":249,"column":31},"end":{"line":271,"column":25}},"type":"if","locations":[{"start":{"line":249,"column":31},"end":{"line":271,"column":25}},{"start":{"line":249,"column":31},"end":{"line":271,"column":25}}],"line":249},"23":{"loc":{"start":{"line":252,"column":32},"end":{"line":258,"column":33}},"type":"if","locations":[{"start":{"line":252,"column":32},"end":{"line":258,"column":33}},{"start":{"line":252,"column":32},"end":{"line":258,"column":33}}],"line":252},"24":{"loc":{"start":{"line":260,"column":31},"end":{"line":271,"column":25}},"type":"if","locations":[{"start":{"line":260,"column":31},"end":{"line":271,"column":25}},{"start":{"line":260,"column":31},"end":{"line":271,"column":25}}],"line":260},"25":{"loc":{"start":{"line":263,"column":32},"end":{"line":269,"column":33}},"type":"if","locations":[{"start":{"line":263,"column":32},"end":{"line":269,"column":33}},{"start":{"line":263,"column":32},"end":{"line":269,"column":33}}],"line":263},"26":{"loc":{"start":{"line":290,"column":12},"end":{"line":330,"column":13}},"type":"if","locations":[{"start":{"line":290,"column":12},"end":{"line":330,"column":13}},{"start":{"line":290,"column":12},"end":{"line":330,"column":13}}],"line":290},"27":{"loc":{"start":{"line":294,"column":20},"end":{"line":328,"column":21}},"type":"if","locations":[{"start":{"line":294,"column":20},"end":{"line":328,"column":21}},{"start":{"line":294,"column":20},"end":{"line":328,"column":21}}],"line":294},"28":{"loc":{"start":{"line":295,"column":24},"end":{"line":326,"column":25}},"type":"if","locations":[{"start":{"line":295,"column":24},"end":{"line":326,"column":25}},{"start":{"line":295,"column":24},"end":{"line":326,"column":25}}],"line":295},"29":{"loc":{"start":{"line":298,"column":32},"end":{"line":303,"column":33}},"type":"if","locations":[{"start":{"line":298,"column":32},"end":{"line":303,"column":33}},{"start":{"line":298,"column":32},"end":{"line":303,"column":33}}],"line":298},"30":{"loc":{"start":{"line":305,"column":31},"end":{"line":326,"column":25}},"type":"if","locations":[{"start":{"line":305,"column":31},"end":{"line":326,"column":25}},{"start":{"line":305,"column":31},"end":{"line":326,"column":25}}],"line":305},"31":{"loc":{"start":{"line":308,"column":32},"end":{"line":313,"column":33}},"type":"if","locations":[{"start":{"line":308,"column":32},"end":{"line":313,"column":33}},{"start":{"line":308,"column":32},"end":{"line":313,"column":33}}],"line":308},"32":{"loc":{"start":{"line":315,"column":31},"end":{"line":326,"column":25}},"type":"if","locations":[{"start":{"line":315,"column":31},"end":{"line":326,"column":25}},{"start":{"line":315,"column":31},"end":{"line":326,"column":25}}],"line":315},"33":{"loc":{"start":{"line":318,"column":32},"end":{"line":324,"column":33}},"type":"if","locations":[{"start":{"line":318,"column":32},"end":{"line":324,"column":33}},{"start":{"line":318,"column":32},"end":{"line":324,"column":33}}],"line":318},"34":{"loc":{"start":{"line":346,"column":12},"end":{"line":385,"column":13}},"type":"if","locations":[{"start":{"line":346,"column":12},"end":{"line":385,"column":13}},{"start":{"line":346,"column":12},"end":{"line":385,"column":13}}],"line":346},"35":{"loc":{"start":{"line":350,"column":20},"end":{"line":383,"column":21}},"type":"if","locations":[{"start":{"line":350,"column":20},"end":{"line":383,"column":21}},{"start":{"line":350,"column":20},"end":{"line":383,"column":21}}],"line":350},"36":{"loc":{"start":{"line":351,"column":24},"end":{"line":382,"column":25}},"type":"if","locations":[{"start":{"line":351,"column":24},"end":{"line":382,"column":25}},{"start":{"line":351,"column":24},"end":{"line":382,"column":25}}],"line":351},"37":{"loc":{"start":{"line":354,"column":32},"end":{"line":359,"column":33}},"type":"if","locations":[{"start":{"line":354,"column":32},"end":{"line":359,"column":33}},{"start":{"line":354,"column":32},"end":{"line":359,"column":33}}],"line":354},"38":{"loc":{"start":{"line":361,"column":31},"end":{"line":382,"column":25}},"type":"if","locations":[{"start":{"line":361,"column":31},"end":{"line":382,"column":25}},{"start":{"line":361,"column":31},"end":{"line":382,"column":25}}],"line":361},"39":{"loc":{"start":{"line":364,"column":32},"end":{"line":369,"column":33}},"type":"if","locations":[{"start":{"line":364,"column":32},"end":{"line":369,"column":33}},{"start":{"line":364,"column":32},"end":{"line":369,"column":33}}],"line":364},"40":{"loc":{"start":{"line":371,"column":31},"end":{"line":382,"column":25}},"type":"if","locations":[{"start":{"line":371,"column":31},"end":{"line":382,"column":25}},{"start":{"line":371,"column":31},"end":{"line":382,"column":25}}],"line":371},"41":{"loc":{"start":{"line":374,"column":32},"end":{"line":380,"column":33}},"type":"if","locations":[{"start":{"line":374,"column":32},"end":{"line":380,"column":33}},{"start":{"line":374,"column":32},"end":{"line":380,"column":33}}],"line":374},"42":{"loc":{"start":{"line":412,"column":8},"end":{"line":418,"column":9}},"type":"if","locations":[{"start":{"line":412,"column":8},"end":{"line":418,"column":9}},{"start":{"line":412,"column":8},"end":{"line":418,"column":9}}],"line":412},"43":{"loc":{"start":{"line":428,"column":12},"end":{"line":435,"column":13}},"type":"if","locations":[{"start":{"line":428,"column":12},"end":{"line":435,"column":13}},{"start":{"line":428,"column":12},"end":{"line":435,"column":13}}],"line":428}},"s":{"0":1,"1":1,"2":1,"3":1,"4":1,"5":1,"6":1,"7":1,"8":1,"9":1,"10":1,"11":1,"12":1,"13":1,"14":1,"15":1,"16":1,"17":0,"18":0,"19":0,"20":0,"21":1,"22":0,"23":0,"24":0,"25":0,"26":0,"27":1,"28":0,"29":0,"30":0,"31":0,"32":0,"33":1,"34":0,"35":0,"36":0,"37":0,"38":0,"39":1,"40":0,"41":0,"42":0,"43":0,"44":0,"45":0,"46":0,"47":0,"48":0,"49":0,"50":0,"51":0,"52":0,"53":0,"54":0,"55":0,"56":0,"57":0,"58":0,"59":0,"60":0,"61":0,"62":0,"63":0,"64":0,"65":0,"66":0,"67":0,"68":0,"69":0,"70":0,"71":0,"72":0,"73":0,"74":0,"75":0,"76":0,"77":0,"78":0,"79":0,"80":0,"81":0,"82":0,"83":0,"84":0,"85":0,"86":0,"87":0,"88":0,"89":0,"90":0,"91":0,"92":0,"93":0,"94":0,"95":0,"96":0,"97":0,"98":0,"99":0,"100":0,"101":0,"102":0,"103":0,"104":0,"105":0,"106":0,"107":0,"108":0,"109":0,"110":0,"111":0,"112":0,"113":0,"114":0,"115":0,"116":0,"117":0,"118":0,"119":1,"120":0,"121":0,"122":0,"123":0,"124":0,"125":0,"126":0,"127":0,"128":0,"129":0,"130":0,"131":0,"132":0,"133":0,"134":0,"135":0,"136":0,"137":0,"138":0,"139":0,"140":0,"141":0,"142":0,"143":0,"144":0,"145":0,"146":0,"147":0,"148":0,"149":1,"150":1,"151":0,"152":0,"153":0,"154":0,"155":0,"156":0,"157":0,"158":0,"159":0,"160":0,"161":0,"162":0,"163":0,"164":0,"165":0,"166":0,"167":0,"168":0,"169":0,"170":0,"171":0,"172":0,"173":0,"174":0,"175":0,"176":0,"177":0,"178":0,"179":0,"180":1,"181":1,"182":0,"183":0,"184":0,"185":0,"186":0,"187":0,"188":0,"189":0,"190":0,"191":0,"192":0,"193":0,"194":0,"195":0,"196":0,"197":0,"198":0,"199":0,"200":0,"201":0,"202":0,"203":0,"204":0,"205":0,"206":0,"207":0,"208":0,"209":0,"210":0,"211":1,"212":0,"213":0,"214":0,"215":0,"216":0,"217":0,"218":1,"219":0,"220":0,"221":0,"222":0,"223":0,"224":0,"225":0,"226":1,"227":1},"f":{"0":0,"1":0,"2":0,"3":0,"4":0,"5":0,"6":0,"7":0,"8":0,"9":0,"10":0,"11":0,"12":0,"13":0,"14":0,"15":0,"16":0,"17":0,"18":0,"19":0,"20":0,"21":0,"22":0,"23":0,"24":0,"25":0,"26":0,"27":0,"28":0,"29":0,"30":0,"31":0,"32":0,"33":0,"34":0,"35":0,"36":0,"37":0,"38":0,"39":0,"40":0,"41":0,"42":0,"43":0,"44":0,"45":0,"46":0,"47":0,"48":0,"49":0,"50":0,"51":0},"b":{"0":[0,0],"1":[0,0],"2":[0,0],"3":[0,0],"4":[0,0],"5":[0,0],"6":[0,0],"7":[0,0],"8":[0,0],"9":[0,0],"10":[0,0],"11":[0,0],"12":[0,0],"13":[0,0],"14":[0,0],"15":[0,0],"16":[0,0],"17":[0,0],"18":[0,0],"19":[0,0],"20":[0,0],"21":[0,0],"22":[0,0],"23":[0,0],"24":[0,0],"25":[0,0],"26":[0,0],"27":[0,0],"28":[0,0],"29":[0,0],"30":[0,0],"31":[0,0],"32":[0,0],"33":[0,0],"34":[0,0],"35":[0,0],"36":[0,0],"37":[0,0],"38":[0,0],"39":[0,0],"40":[0,0],"41":[0,0],"42":[0,0],"43":[0,0]},"_coverageSchema":"332fd63041d2c1bcb487cc26dd0d5f7d97098a6c","hash":"97be7c1bd84a4da588286120d99c72831edc0d6b","contentHash":"f9fce2f7e7c81c28065ff9b2db74e868_11.2.1"},"/home/traning/Desktop/Personalized-Emailer/projectPmMailer /server/express/models/currencymodel.js":{"path":"/home/traning/Desktop/Personalized-Emailer/projectPmMailer /server/express/models/currencymodel.js","statementMap":{"0":{"start":{"line":1,"column":17},"end":{"line":1,"column":36}},"1":{"start":{"line":2,"column":15},"end":{"line":2,"column":30}},"2":{"start":{"line":4,"column":23},"end":{"line":12,"column":30}},"3":{"start":{"line":14,"column":20},"end":{"line":14,"column":62}},"4":{"start":{"line":16,"column":0},"end":{"line":16,"column":31}}},"fnMap":{},"branchMap":{},"s":{"0":1,"1":1,"2":1,"3":1,"4":1},"f":{},"b":{},"_coverageSchema":"332fd63041d2c1bcb487cc26dd0d5f7d97098a6c","hash":"43fcf5c411deeb267613ef17d99e38f8c4c0addb","contentHash":"b9e9589513a1da02a671fe527232db3f_11.2.1"},"/home/traning/Desktop/Personalized-Emailer/projectPmMailer /server/express/models/stock.js":{"path":"/home/traning/Desktop/Personalized-Emailer/projectPmMailer /server/express/models/stock.js","statementMap":{"0":{"start":{"line":1,"column":17},"end":{"line":1,"column":36}},"1":{"start":{"line":2,"column":15},"end":{"line":2,"column":30}},"2":{"start":{"line":4,"column":20},"end":{"line":10,"column":27}},"3":{"start":{"line":12,"column":16},"end":{"line":12,"column":52}},"4":{"start":{"line":14,"column":0},"end":{"line":14,"column":27}}},"fnMap":{},"branchMap":{},"s":{"0":1,"1":1,"2":1,"3":1,"4":1},"f":{},"b":{},"_coverageSchema":"332fd63041d2c1bcb487cc26dd0d5f7d97098a6c","hash":"84d4306e0639f4478b45b44fa1696f006e2a2fcd","contentHash":"e781e51c49717a3bbf80771c26458c26_11.2.1"},"/home/traning/Desktop/Personalized-Emailer/projectPmMailer /server/express/models/nasdaq.js":{"path":"/home/traning/Desktop/Personalized-Emailer/projectPmMailer /server/express/models/nasdaq.js","statementMap":{"0":{"start":{"line":1,"column":17},"end":{"line":1,"column":36}},"1":{"start":{"line":2,"column":15},"end":{"line":2,"column":30}},"2":{"start":{"line":4,"column":21},"end":{"line":9,"column":28}},"3":{"start":{"line":11,"column":17},"end":{"line":11,"column":55}},"4":{"start":{"line":13,"column":0},"end":{"line":13,"column":28}}},"fnMap":{},"branchMap":{},"s":{"0":1,"1":1,"2":1,"3":1,"4":1},"f":{},"b":{},"_coverageSchema":"332fd63041d2c1bcb487cc26dd0d5f7d97098a6c","hash":"4ac316c31c8001f9dcc38c1b7674d88fc64b5b55","contentHash":"12862cc9089b6224da59da1b39a960b7_11.2.1"},"/home/traning/Desktop/Personalized-Emailer/projectPmMailer /server/express/models/fundsmodel.js":{"path":"/home/traning/Desktop/Personalized-Emailer/projectPmMailer /server/express/models/fundsmodel.js","statementMap":{"0":{"start":{"line":1,"column":17},"end":{"line":1,"column":36}},"1":{"start":{"line":2,"column":15},"end":{"line":2,"column":30}},"2":{"start":{"line":4,"column":19},"end":{"line":11,"column":26}},"3":{"start":{"line":13,"column":16},"end":{"line":13,"column":50}},"4":{"start":{"line":15,"column":0},"end":{"line":15,"column":27}}},"fnMap":{},"branchMap":{},"s":{"0":1,"1":1,"2":1,"3":1,"4":1},"f":{},"b":{},"_coverageSchema":"332fd63041d2c1bcb487cc26dd0d5f7d97098a6c","hash":"253fc486800a61b82401096a293417f9bc51b897","contentHash":"96aab6554f03afdb4de629457f31b118_11.2.1"},"/home/traning/Desktop/Personalized-Emailer/projectPmMailer /server/express/routes/index.js":{"path":"/home/traning/Desktop/Personalized-Emailer/projectPmMailer /server/express/routes/index.js","statementMap":{"0":{"start":{"line":1,"column":14},"end":{"line":1,"column":32}},"1":{"start":{"line":2,"column":13},"end":{"line":2,"column":29}},"2":{"start":{"line":5,"column":0},"end":{"line":7,"column":3}},"3":{"start":{"line":6,"column":2},"end":{"line":6,"column":66}},"4":{"start":{"line":9,"column":0},"end":{"line":9,"column":24}}},"fnMap":{"0":{"name":"(anonymous_0)","decl":{"start":{"line":5,"column":16},"end":{"line":5,"column":17}},"loc":{"start":{"line":5,"column":35},"end":{"line":7,"column":1}},"line":5}},"branchMap":{},"s":{"0":1,"1":1,"2":1,"3":0,"4":1},"f":{"0":0},"b":{},"_coverageSchema":"332fd63041d2c1bcb487cc26dd0d5f7d97098a6c","hash":"a4ddce6367ecf663f7773a54714ee07e54030a7b","contentHash":"fe0708f475a525494eb4f22cde773042_11.2.1"},"/home/traning/Desktop/Personalized-Emailer/projectPmMailer /server/express/routes/tweets.js":{"path":"/home/traning/Desktop/Personalized-Emailer/projectPmMailer /server/express/routes/tweets.js","statementMap":{"0":{"start":{"line":1,"column":14},"end":{"line":1,"column":32}},"1":{"start":{"line":2,"column":13},"end":{"line":2,"column":29}},"2":{"start":{"line":3,"column":11},"end":{"line":3,"column":26}},"3":{"start":{"line":5,"column":13},"end":{"line":5,"column":45}},"4":{"start":{"line":8,"column":14},"end":{"line":8,"column":38}},"5":{"start":{"line":9,"column":15},"end":{"line":9,"column":48}},"6":{"start":{"line":11,"column":18},"end":{"line":11,"column":20}},"7":{"start":{"line":12,"column":16},"end":{"line":12,"column":19}},"8":{"start":{"line":13,"column":17},"end":{"line":13,"column":34}},"9":{"start":{"line":14,"column":24},"end":{"line":14,"column":48}},"10":{"start":{"line":20,"column":0},"end":{"line":71,"column":3}},"11":{"start":{"line":22,"column":23},"end":{"line":22,"column":25}},"12":{"start":{"line":23,"column":17},"end":{"line":23,"column":19}},"13":{"start":{"line":24,"column":17},"end":{"line":27,"column":9}},"14":{"start":{"line":30,"column":4},"end":{"line":32,"column":5}},"15":{"start":{"line":31,"column":8},"end":{"line":31,"column":41}},"16":{"start":{"line":35,"column":4},"end":{"line":42,"column":7}},"17":{"start":{"line":36,"column":8},"end":{"line":36,"column":22}},"18":{"start":{"line":37,"column":16},"end":{"line":37,"column":17}},"19":{"start":{"line":38,"column":18},"end":{"line":38,"column":31}},"20":{"start":{"line":39,"column":8},"end":{"line":41,"column":9}},"21":{"start":{"line":40,"column":12},"end":{"line":40,"column":33}},"22":{"start":{"line":50,"column":21},"end":{"line":55,"column":9}},"23":{"start":{"line":58,"column":8},"end":{"line":69,"column":11}},"24":{"start":{"line":59,"column":12},"end":{"line":59,"column":32}},"25":{"start":{"line":60,"column":12},"end":{"line":60,"column":37}},"26":{"start":{"line":61,"column":12},"end":{"line":61,"column":39}},"27":{"start":{"line":64,"column":12},"end":{"line":68,"column":13}},"28":{"start":{"line":65,"column":16},"end":{"line":65,"column":66}},"29":{"start":{"line":66,"column":16},"end":{"line":66,"column":39}},"30":{"start":{"line":73,"column":0},"end":{"line":73,"column":24}}},"fnMap":{"0":{"name":"(anonymous_0)","decl":{"start":{"line":20,"column":35},"end":{"line":20,"column":36}},"loc":{"start":{"line":20,"column":54},"end":{"line":71,"column":1}},"line":20},"1":{"name":"(anonymous_1)","decl":{"start":{"line":35,"column":43},"end":{"line":35,"column":44}},"loc":{"start":{"line":35,"column":69},"end":{"line":42,"column":5}},"line":35},"2":{"name":"getOEmbed","decl":{"start":{"line":47,"column":13},"end":{"line":47,"column":22}},"loc":{"start":{"line":47,"column":30},"end":{"line":70,"column":5}},"line":47},"3":{"name":"(anonymous_3)","decl":{"start":{"line":58,"column":41},"end":{"line":58,"column":42}},"loc":{"start":{"line":58,"column":67},"end":{"line":69,"column":9}},"line":58}},"branchMap":{"0":{"loc":{"start":{"line":30,"column":4},"end":{"line":32,"column":5}},"type":"if","locations":[{"start":{"line":30,"column":4},"end":{"line":32,"column":5}},{"start":{"line":30,"column":4},"end":{"line":32,"column":5}}],"line":30},"1":{"loc":{"start":{"line":64,"column":12},"end":{"line":68,"column":13}},"type":"if","locations":[{"start":{"line":64,"column":12},"end":{"line":68,"column":13}},{"start":{"line":64,"column":12},"end":{"line":68,"column":13}}],"line":64}},"s":{"0":1,"1":1,"2":1,"3":1,"4":1,"5":1,"6":1,"7":1,"8":1,"9":1,"10":1,"11":0,"12":0,"13":0,"14":0,"15":0,"16":0,"17":0,"18":0,"19":0,"20":0,"21":0,"22":0,"23":0,"24":0,"25":0,"26":0,"27":0,"28":0,"29":0,"30":1},"f":{"0":0,"1":0,"2":0,"3":0},"b":{"0":[0,0],"1":[0,0]},"_coverageSchema":"332fd63041d2c1bcb487cc26dd0d5f7d97098a6c","hash":"523f0beac35ada31b9fcd66bf39fda8e7c5deb0d","contentHash":"f6fcb7cfbeb12b7841e7485199d8af09_11.2.1"},"/home/traning/Desktop/Personalized-Emailer/projectPmMailer /server/express/config/tweetconfig.js":{"path":"/home/traning/Desktop/Personalized-Emailer/projectPmMailer /server/express/config/tweetconfig.js","statementMap":{"0":{"start":{"line":1,"column":0},"end":{"line":10,"column":2}}},"fnMap":{},"branchMap":{},"s":{"0":1},"f":{},"b":{},"_coverageSchema":"332fd63041d2c1bcb487cc26dd0d5f7d97098a6c","hash":"1838eae2137162afa29544d668fa14d398653e61","contentHash":"cb64172cdbb3759dd242bdc8b281ce75_11.2.1"}}