TN:
SF:/home/traning/Desktop/workspace/Personalized-Emailer/projectPmMailer /client/src/polyfills.ts
FNF:0
FNH:0
DA:41,1
DA:42,1
DA:56,1
LF:3
LH:3
BRF:0
BRH:0
end_of_record
TN:
SF:/home/traning/Desktop/workspace/Personalized-Emailer/projectPmMailer /client/src/test.ts
FN:22,(anonymous_0)
FN:32,(anonymous_1)
FNF:2
FNH:2
FNDA:1,(anonymous_0)
FNDA:18,(anonymous_1)
DA:3,1
DA:4,1
DA:5,1
DA:6,1
DA:7,1
DA:8,1
DA:9,1
DA:10,1
DA:18,1
DA:22,1
DA:25,1
DA:30,1
DA:31,1
DA:32,18
DA:34,1
DA:36,1
LF:16
LH:16
BRDA:30,0,0,0
BRDA:30,0,1,1
BRF:2
BRH:1
end_of_record
TN:
SF:/home/traning/Desktop/workspace/Personalized-Emailer/projectPmMailer /client/src/app/config/config.ts
FNF:0
FNH:0
DA:1,1
LF:1
LH:1
BRF:0
BRH:0
end_of_record
TN:
SF:/home/traning/Desktop/workspace/Personalized-Emailer/projectPmMailer /client/src/app/mailer/dashboard/dashboard.service.ts
FN:5,(anonymous_2)
FN:7,DashboardService
FN:9,(anonymous_4)
FN:14,(anonymous_5)
FNF:4
FNH:4
FNDA:1,(anonymous_2)
FNDA:3,DashboardService
FNDA:1,(anonymous_4)
FNDA:1,(anonymous_5)
DA:1,1
DA:2,1
DA:3,1
DA:5,1
DA:7,3
DA:9,1
DA:11,1
DA:12,1
DA:14,1
DA:16,1
LF:10
LH:10
BRDA:7,0,0,1
BRDA:7,0,1,0
BRDA:7,1,0,1
BRF:3
BRH:2
end_of_record
TN:
SF:/home/traning/Desktop/workspace/Personalized-Emailer/projectPmMailer /client/src/app/mailer/dashboard/navbar/navbar.component.ts
FN:13,(anonymous_2)
FN:16,NavbarComponent
FN:20,(anonymous_4)
FN:23,(anonymous_5)
FN:25,(anonymous_6)
FN:31,(anonymous_7)
FN:33,(anonymous_8)
FNF:7
FNH:5
FNDA:1,(anonymous_2)
FNDA:2,NavbarComponent
FNDA:1,(anonymous_4)
FNDA:1,(anonymous_5)
FNDA:1,(anonymous_6)
FNDA:0,(anonymous_7)
FNDA:0,(anonymous_8)
DA:1,1
DA:3,1
DA:4,1
DA:6,1
DA:13,1
DA:16,2
DA:20,1
DA:21,1
DA:23,1
DA:24,1
DA:26,1
DA:27,1
DA:31,1
DA:32,0
DA:35,0
DA:39,1
LF:16
LH:14
BRDA:16,0,0,1
BRDA:16,0,1,0
BRDA:16,1,0,1
BRDA:16,2,0,1
BRDA:16,2,1,1
BRDA:16,2,2,0
BRDA:16,3,0,1
BRDA:16,3,1,1
BRF:8
BRH:6
end_of_record
TN:
SF:/home/traning/Desktop/workspace/Personalized-Emailer/projectPmMailer /client/src/app/mailer/dashboard/service/nasdaq.service.ts
FN:4,(anonymous_2)
FN:5,NasdaqService
FN:9,(anonymous_4)
FN:11,(anonymous_5)
FN:18,(anonymous_6)
FN:21,(anonymous_7)
FNF:6
FNH:6
FNDA:1,(anonymous_2)
FNDA:4,NasdaqService
FNDA:1,(anonymous_4)
FNDA:1,(anonymous_5)
FNDA:1,(anonymous_6)
FNDA:1,(anonymous_7)
DA:1,1
DA:2,1
DA:4,1
DA:5,4
DA:7,4
DA:9,1
DA:10,1
DA:12,1
DA:18,1
DA:19,1
DA:20,1
DA:21,1
DA:24,1
LF:13
LH:13
BRDA:5,0,0,1
BRDA:5,0,1,0
BRDA:5,1,0,1
BRF:3
BRH:2
end_of_record
TN:
SF:/home/traning/Desktop/workspace/Personalized-Emailer/projectPmMailer /client/src/app/mailer/forgotpassword/forgotpassword.service.ts
FN:6,(anonymous_2)
FN:8,ForgotpasswordService
FN:10,(anonymous_4)
FN:16,(anonymous_5)
FNF:4
FNH:4
FNDA:1,(anonymous_2)
FNDA:3,ForgotpasswordService
FNDA:1,(anonymous_4)
FNDA:1,(anonymous_5)
DA:1,1
DA:2,1
DA:3,1
DA:6,1
DA:8,3
DA:10,1
DA:13,1
DA:14,1
DA:16,1
DA:19,1
LF:10
LH:10
BRDA:8,0,0,1
BRDA:8,0,1,0
BRDA:8,1,0,1
BRF:3
BRH:2
end_of_record
TN:
SF:/home/traning/Desktop/workspace/Personalized-Emailer/projectPmMailer /client/src/app/mailer/login/login.component.ts
FN:15,(anonymous_2)
FN:16,LoginComponent
FN:25,(anonymous_4)
FN:40,(anonymous_5)
FN:42,(anonymous_6)
FN:44,(anonymous_7)
FN:46,(anonymous_8)
FN:56,(anonymous_9)
FN:58,(anonymous_10)
FN:59,(anonymous_11)
FN:64,(anonymous_12)
FN:66,(anonymous_13)
FNF:12
FNH:5
FNDA:1,(anonymous_2)
FNDA:2,LoginComponent
FNDA:1,(anonymous_4)
FNDA:8,(anonymous_5)
FNDA:4,(anonymous_6)
FNDA:0,(anonymous_7)
FNDA:0,(anonymous_8)
FNDA:0,(anonymous_9)
FNDA:0,(anonymous_10)
FNDA:0,(anonymous_11)
FNDA:0,(anonymous_12)
FNDA:0,(anonymous_13)
DA:1,1
DA:2,1
DA:4,1
DA:5,1
DA:6,1
DA:15,1
DA:16,2
DA:18,2
DA:20,2
DA:25,1
DA:26,1
DA:40,8
DA:42,4
DA:44,1
DA:45,0
DA:47,0
DA:48,0
DA:49,0
DA:51,0
DA:56,1
DA:57,0
DA:59,0
DA:64,1
DA:65,0
DA:67,0
DA:78,1
LF:26
LH:17
BRDA:28,0,0,1
BRDA:28,0,1,0
BRDA:48,1,0,0
BRDA:48,1,1,0
BRDA:16,2,0,1
BRDA:16,2,1,0
BRDA:16,3,0,1
BRDA:16,4,0,1
BRDA:16,4,1,1
BRDA:16,4,2,0
BRDA:16,5,0,1
BRDA:16,5,1,1
BRF:12
BRH:7
end_of_record
TN:
SF:/home/traning/Desktop/workspace/Personalized-Emailer/projectPmMailer /client/src/app/mailer/login/login.service.ts
FN:6,(anonymous_2)
FN:10,LoginService
FN:12,(anonymous_4)
FN:17,(anonymous_5)
FN:21,(anonymous_6)
FN:25,(anonymous_7)
FN:30,(anonymous_8)
FN:34,(anonymous_9)
FNF:8
FNH:4
FNDA:1,(anonymous_2)
FNDA:3,LoginService
FNDA:1,(anonymous_4)
FNDA:1,(anonymous_5)
FNDA:0,(anonymous_6)
FNDA:0,(anonymous_7)
FNDA:0,(anonymous_8)
FNDA:0,(anonymous_9)
DA:1,1
DA:2,1
DA:3,1
DA:6,1
DA:10,3
DA:12,1
DA:14,1
DA:15,1
DA:17,1
DA:21,1
DA:22,0
DA:23,0
DA:25,0
DA:30,1
DA:31,0
DA:32,0
DA:34,0
DA:37,1
LF:18
LH:12
BRDA:10,0,0,1
BRDA:10,0,1,0
BRDA:10,1,0,1
BRF:3
BRH:2
end_of_record
TN:
SF:/home/traning/Desktop/workspace/Personalized-Emailer/projectPmMailer /client/src/app/mailer/resetpwd/resetpwd.service.ts
FN:6,(anonymous_2)
FN:8,ResetpwdService
FN:12,(anonymous_4)
FN:18,(anonymous_5)
FNF:4
FNH:4
FNDA:1,(anonymous_2)
FNDA:3,ResetpwdService
FNDA:1,(anonymous_4)
FNDA:1,(anonymous_5)
DA:1,1
DA:2,1
DA:3,1
DA:6,1
DA:8,3
DA:12,1
DA:13,1
DA:15,1
DA:16,1
DA:18,1
DA:22,1
LF:11
LH:11
BRDA:8,0,0,1
BRDA:8,0,1,0
BRDA:8,1,0,1
BRF:3
BRH:2
end_of_record
TN:
SF:/home/traning/Desktop/workspace/Personalized-Emailer/projectPmMailer /client/src/app/mailer/sign-up/sign-up.component.ts
FN:12,(anonymous_2)
FN:14,SignUpComponent
FN:21,(anonymous_4)
FN:57,(anonymous_5)
FN:58,(anonymous_6)
FN:59,(anonymous_7)
FN:60,(anonymous_8)
FN:61,(anonymous_9)
FN:64,(anonymous_10)
FN:74,(anonymous_11)
FNF:10
FNH:8
FNDA:1,(anonymous_2)
FNDA:7,SignUpComponent
FNDA:6,(anonymous_4)
FNDA:36,(anonymous_5)
FNDA:36,(anonymous_6)
FNDA:36,(anonymous_7)
FNDA:36,(anonymous_8)
FNDA:36,(anonymous_9)
FNDA:0,(anonymous_10)
FNDA:0,(anonymous_11)
DA:1,1
DA:2,1
DA:3,1
DA:4,1
DA:5,1
DA:12,1
DA:13,7
DA:14,7
DA:16,7
DA:21,1
DA:22,6
DA:57,36
DA:58,36
DA:59,36
DA:60,36
DA:61,36
DA:64,1
DA:66,0
DA:73,0
DA:75,0
DA:76,0
DA:77,0
DA:80,1
LF:23
LH:18
BRDA:38,0,0,6
BRDA:38,0,1,0
BRDA:75,1,0,0
BRDA:75,1,1,0
BRDA:14,2,0,1
BRDA:14,2,1,0
BRDA:14,3,0,1
BRDA:14,4,0,1
BRDA:14,4,1,1
BRDA:14,4,2,0
BRDA:14,5,0,1
BRDA:14,5,1,1
BRF:12
BRH:7
end_of_record
TN:
SF:/home/traning/Desktop/workspace/Personalized-Emailer/projectPmMailer /client/src/app/mailer/sign-up/sign-up.service.ts
FN:8,(anonymous_2)
FN:10,SignUpService
FN:14,(anonymous_4)
FN:19,(anonymous_5)
FNF:4
FNH:4
FNDA:1,(anonymous_2)
FNDA:3,SignUpService
FNDA:1,(anonymous_4)
FNDA:1,(anonymous_5)
DA:1,1
DA:3,1
DA:4,1
DA:8,1
DA:10,3
DA:14,1
DA:15,1
DA:16,1
DA:17,1
DA:19,1
DA:21,1
LF:11
LH:11
BRDA:10,0,0,1
BRDA:10,0,1,0
BRDA:10,1,0,1
BRF:3
BRH:2
end_of_record
